<?xml version="1.0" encoding="UTF-8"?>
<testng-results skipped="0" failed="0" ignored="0" total="2" passed="2">
  <reporter-output>
  </reporter-output>
  <suite name="Suite" duration-ms="30575" started-at="2021-05-04T04:34:17Z" finished-at="2021-05-04T04:34:47Z">
    <groups>
    </groups>
    <test name="Test Handbooks" duration-ms="30575" started-at="2021-05-04T04:34:17Z" finished-at="2021-05-04T04:34:47Z">
      <class name="com.clix.clixoerwebsite.HandbooksValidation">
        <test-method status="PASS" signature="bringup()[pri:0, instance:com.clix.clixoerwebsite.HandbooksValidation@35e847]" name="bringup" is-config="true" duration-ms="7720" started-at="2021-05-04T04:34:17Z" finished-at="2021-05-04T04:34:24Z">
          <reporter-output>
          </reporter-output>
        </test-method> <!-- bringup -->
        <test-method status="PASS" signature="checkModuleExist()[pri:0, instance:com.clix.clixoerwebsite.HandbooksValidation@35e847]" name="checkModuleExist" duration-ms="1527" started-at="2021-05-04T04:34:24Z" finished-at="2021-05-04T04:34:26Z">
          <reporter-output>
          </reporter-output>
        </test-method> <!-- checkModuleExist -->
        <test-method status="PASS" signature="checkPaginationInteractives()[pri:0, instance:com.clix.clixoerwebsite.HandbooksValidation@35e847]" name="checkPaginationInteractives" duration-ms="21175" started-at="2021-05-04T04:34:26Z" finished-at="2021-05-04T04:34:47Z">
          <reporter-output>
          </reporter-output>
        </test-method> <!-- checkPaginationInteractives -->
        <test-method status="PASS" signature="teardown()[pri:0, instance:com.clix.clixoerwebsite.HandbooksValidation@35e847]" name="teardown" is-config="true" duration-ms="124" started-at="2021-05-04T04:34:47Z" finished-at="2021-05-04T04:34:47Z">
          <reporter-output>
          </reporter-output>
        </test-method> <!-- teardown -->
      </class> <!-- com.clix.clixoerwebsite.HandbooksValidation -->
    </test> <!-- Test Handbooks -->
  </suite> <!-- Suite -->
</testng-results>
