<?xml version="1.0" encoding="UTF-8"?>
<!-- Generated by org.testng.reporters.JUnitXMLReporter -->
<testsuite ignored="0" hostname="clixserver" failures="0" tests="2" name="Default test" time="38.982" errors="0" timestamp="2021-10-13T21:03:30 IST">
  <testcase classname="com.clix.clixoerwebsite.HandbooksValidation" name="checkModuleExist" time="1.883"/>
  <testcase classname="com.clix.clixoerwebsite.HandbooksValidation" name="checkPaginationInteractives" time="22.365"/>
</testsuite> <!-- Default test -->
