<?xml version="1.0" encoding="UTF-8"?>
<!-- Generated by org.testng.reporters.JUnitXMLReporter -->
<testsuite hostname="LAPTOP-7SNE49UA" ignored="0" name="Default test" tests="3" failures="0" timestamp="03 May 2021 06:50:48 GMT" time="40.475" errors="0">
  <testcase name="checkModuleExist" time="1.468" classname="com.clix.clixoerwebsite.CheckInteractives"/>
  <testcase name="checkPaginationInteractives1" time="15.853" classname="com.clix.clixoerwebsite.CheckInteractives"/>
  <testcase name="checkPaginationInteractives2" time="15.953" classname="com.clix.clixoerwebsite.CheckInteractives"/>
</testsuite> <!-- Default test -->
