<?xml version="1.0" encoding="UTF-8"?>
<!-- Generated by org.testng.reporters.JUnitXMLReporter -->
<testsuite ignored="0" hostname="clixserver" failures="0" tests="4" name="Test CoolOerHindiResourceFilter" time="10.944" errors="0" timestamp="2021-09-29T13:52:35 IST">
  <testcase classname="com.clix.clixoerwebsite.CoolOerHindiResourceFilter" name="verifyHindiLanguageSupportOptionIsChecked" time="0.332"/>
  <testcase classname="com.clix.clixoerwebsite.CoolOerHindiResourceFilter" name="verifyTheNumberOfLinksOnPageForHindiFilter" time="2.038"/>
  <testcase classname="com.clix.clixoerwebsite.CoolOerHindiResourceFilter" name="verifyTheNumberOfResourcesForHindiFilter" time="2.066"/>
  <testcase classname="com.clix.clixoerwebsite.CoolOerHindiResourceFilter" name="verifyTheResourcesTitleForEnglishFilter" time="0.122"/>
</testsuite> <!-- Test CoolOerHindiResourceFilter -->
