<?xml version="1.0" encoding="UTF-8"?>
<!-- Generated by org.testng.reporters.JUnitXMLReporter -->
<testsuite ignored="0" hostname="clixserver" failures="0" tests="4" name="Test DomainMath" time="7.2" errors="0" timestamp="2021-10-18T13:21:02 IST">
  <testcase classname="com.clix.clixoerwebsite.DomainMathValidation" name="verifyDomainMathOptionIsSelected" time="2.552"/>
  <testcase classname="com.clix.clixoerwebsite.DomainMathValidation" name="verifyTheNumberOfLinksOnPage" time="0.041"/>
  <testcase classname="com.clix.clixoerwebsite.DomainMathValidation" name="verifyTheNumberOfMathModules" time="0.019"/>
  <testcase classname="com.clix.clixoerwebsite.DomainMathValidation" name="verifyTheTitleOfMathModulePage" time="0.113"/>
</testsuite> <!-- Test DomainMath -->
