<?xml version="1.0" encoding="UTF-8"?>
<!-- Generated by org.testng.reporters.JUnitXMLReporter -->
<testsuite ignored="0" hostname="clix-Inspiron-7560" failures="0" tests="4" name="Test CoolOerArtFilter" time="52.458" errors="0" timestamp="2022-01-13T11:43:22 IST">
  <testcase classname="com.clix.clixoerwebsite.CoolOerArtFilter" name="verifyTheArtFilterOptionIsChecked" time="8.474"/>
  <testcase classname="com.clix.clixoerwebsite.CoolOerArtFilter" name="verifyTheNumberOfLinksForArtFilter" time="0.04"/>
  <testcase classname="com.clix.clixoerwebsite.CoolOerArtFilter" name="verifyTheNumberOfResourcesForArtFilter" time="20.037"/>
  <testcase classname="com.clix.clixoerwebsite.CoolOerArtFilter" name="verifyTheResoucesTitleForArtFilter" time="0.05"/>
</testsuite> <!-- Test CoolOerArtFilter -->
