<?xml version="1.0" encoding="UTF-8"?>
<!-- Generated by org.testng.reporters.JUnitXMLReporter -->
<testsuite hostname="LAPTOP-7SNE49UA" ignored="0" name="TestHomepagescienceinhindi" tests="5" failures="0" timestamp="16 Apr 2021 04:45:10 GMT" time="1.168" errors="0">
  <testcase name="@BeforeTest bringup" time="1.16" classname="com.clix.clixoerwebsite.CheckScienceCheckboxContentinHindi">
    <failure type="org.openqa.selenium.SessionNotCreatedException" message="session not created: This version of ChromeDriver only supports Chrome version 87
Current browser version is 89.0.4389.128 with binary path C:\Program Files\Google\Chrome\Application\chrome.exe
Build info: version: &amp;apos;3.141.59&amp;apos;, revision: &amp;apos;e82be7d358&amp;apos;, time: &amp;apos;2018-11-14T08:17:03&amp;apos;
System info: host: &amp;apos;LAPTOP-7SNE49UA&amp;apos;, ip: &amp;apos;192.168.0.100&amp;apos;, os.name: &amp;apos;Windows 10&amp;apos;, os.arch: &amp;apos;x86&amp;apos;, os.version: &amp;apos;10.0&amp;apos;, java.version: &amp;apos;1.8.0_261&amp;apos;
Driver info: driver.version: ChromeDriver
remote stacktrace: Backtrace:
	Ordinal0 [0x0106C0C3+3326147]
	Ordinal0 [0x00F50851+2164817]
	Ordinal0 [0x00DD7298+619160]
	Ordinal0 [0x00D51D92+73106]
	Ordinal0 [0x00D4E119+57625]
	Ordinal0 [0x00D4C38A+50058]
	Ordinal0 [0x00D75F3E+220990]
	Ordinal0 [0x00D75CAC+220332]
	Ordinal0 [0x00D7189B+202907]
	Ordinal0 [0x00D53DF4+81396]
	Ordinal0 [0x00D54DEE+85486]
	Ordinal0 [0x00D54D79+85369]
	Ordinal0 [0x00F685DC+2262492]
	GetHandleVerifier [0x011F2874+1487204]
	GetHandleVerifier [0x011F23CD+1486013]
	GetHandleVerifier [0x011FA368+1518680]
	GetHandleVerifier [0x011F2F4E+1488958]
	Ordinal0 [0x00F5ED0D+2223373]
	Ordinal0 [0x00F6A12B+2269483]
	Ordinal0 [0x00F6A26F+2269807]
	Ordinal0 [0x00F7ECB8+2354360]
	BaseThreadInitThunk [0x7762FA29+25]
	RtlGetAppContainerNamedObjectPath [0x77D67C7E+286]
	RtlGetAppContainerNamedObjectPath [0x77D67C4E+238]
">
      <![CDATA[org.openqa.selenium.SessionNotCreatedException: session not created: This version of ChromeDriver only supports Chrome version 87
Current browser version is 89.0.4389.128 with binary path C:\Program Files\Google\Chrome\Application\chrome.exe
Build info: version: '3.141.59', revision: 'e82be7d358', time: '2018-11-14T08:17:03'
System info: host: 'LAPTOP-7SNE49UA', ip: '192.168.0.100', os.name: 'Windows 10', os.arch: 'x86', os.version: '10.0', java.version: '1.8.0_261'
Driver info: driver.version: ChromeDriver
remote stacktrace: Backtrace:
Ordinal0 [0x0106C0C3+3326147]
Ordinal0 [0x00F50851+2164817]
Ordinal0 [0x00DD7298+619160]
Ordinal0 [0x00D51D92+73106]
Ordinal0 [0x00D4E119+57625]
Ordinal0 [0x00D4C38A+50058]
Ordinal0 [0x00D75F3E+220990]
Ordinal0 [0x00D75CAC+220332]
Ordinal0 [0x00D7189B+202907]
Ordinal0 [0x00D53DF4+81396]
Ordinal0 [0x00D54DEE+85486]
Ordinal0 [0x00D54D79+85369]
Ordinal0 [0x00F685DC+2262492]
GetHandleVerifier [0x011F2874+1487204]
GetHandleVerifier [0x011F23CD+1486013]
GetHandleVerifier [0x011FA368+1518680]
GetHandleVerifier [0x011F2F4E+1488958]
Ordinal0 [0x00F5ED0D+2223373]
Ordinal0 [0x00F6A12B+2269483]
Ordinal0 [0x00F6A26F+2269807]
Ordinal0 [0x00F7ECB8+2354360]
BaseThreadInitThunk [0x7762FA29+25]
RtlGetAppContainerNamedObjectPath [0x77D67C7E+286]
RtlGetAppContainerNamedObjectPath [0x77D67C4E+238]

at org.openqa.selenium.remote.W3CHandshakeResponse.lambda$errorHandler$0(W3CHandshakeResponse.java:62)
at org.openqa.selenium.remote.HandshakeResponse.lambda$getResponseFunction$0(HandshakeResponse.java:30)
at org.openqa.selenium.remote.ProtocolHandshake.lambda$createSession$0(ProtocolHandshake.java:126)
at java.util.stream.ReferencePipeline$3$1.accept(ReferencePipeline.java:193)
at java.util.Spliterators$ArraySpliterator.tryAdvance(Spliterators.java:958)
at java.util.stream.ReferencePipeline.forEachWithCancel(ReferencePipeline.java:126)
at java.util.stream.AbstractPipeline.copyIntoWithCancel(AbstractPipeline.java:499)
at java.util.stream.AbstractPipeline.copyInto(AbstractPipeline.java:486)
at java.util.stream.AbstractPipeline.wrapAndCopyInto(AbstractPipeline.java:472)
at java.util.stream.FindOps$FindOp.evaluateSequential(FindOps.java:152)
at java.util.stream.AbstractPipeline.evaluate(AbstractPipeline.java:234)
at java.util.stream.ReferencePipeline.findFirst(ReferencePipeline.java:464)
at org.openqa.selenium.remote.ProtocolHandshake.createSession(ProtocolHandshake.java:128)
at org.openqa.selenium.remote.ProtocolHandshake.createSession(ProtocolHandshake.java:74)
at org.openqa.selenium.remote.HttpCommandExecutor.execute(HttpCommandExecutor.java:136)
at org.openqa.selenium.remote.service.DriverCommandExecutor.execute(DriverCommandExecutor.java:83)
at org.openqa.selenium.remote.RemoteWebDriver.execute(RemoteWebDriver.java:552)
at org.openqa.selenium.remote.RemoteWebDriver.startSession(RemoteWebDriver.java:213)
at org.openqa.selenium.remote.RemoteWebDriver.<init>(RemoteWebDriver.java:131)
at org.openqa.selenium.chrome.ChromeDriver.<init>(ChromeDriver.java:181)
at org.openqa.selenium.chrome.ChromeDriver.<init>(ChromeDriver.java:168)
at org.openqa.selenium.chrome.ChromeDriver.<init>(ChromeDriver.java:123)
at resources.base.initializeDriver(base.java:51)
at com.clix.clixoerwebsite.CheckScienceCheckboxContentinHindi.bringup(CheckScienceCheckboxContentinHindi.java:32)
... Removed 28 stack frames]]>
    </failure>
  </testcase> <!-- @BeforeTest bringup -->
  <testcase name="@AfterTest teardown" time="0.0" classname="com.clix.clixoerwebsite.CheckScienceCheckboxContentinHindi">
    <skipped/>
  </testcase> <!-- @AfterTest teardown -->
  <testcase name="basePageNavigation" time="0.0" classname="com.clix.clixoerwebsite.CheckScienceCheckboxContentinHindi">
    <skipped/>
  </testcase> <!-- basePageNavigation -->
  <testcase name="checkScienceContentChecked" time="0.0" classname="com.clix.clixoerwebsite.CheckScienceCheckboxContentinHindi">
    <skipped/>
  </testcase> <!-- checkScienceContentChecked -->
  <testcase name="countLinks" time="0.0" classname="com.clix.clixoerwebsite.CheckScienceCheckboxContentinHindi">
    <skipped/>
  </testcase> <!-- countLinks -->
  <testcase name="countScienceModules" time="0.0" classname="com.clix.clixoerwebsite.CheckScienceCheckboxContentinHindi">
    <skipped/>
  </testcase> <!-- countScienceModules -->
  <testcase name="verifySciencemodulesinHindicheckbox" time="0.0" classname="com.clix.clixoerwebsite.CheckScienceCheckboxContentinHindi">
    <skipped/>
  </testcase> <!-- verifySciencemodulesinHindicheckbox -->
</testsuite> <!-- TestHomepagescienceinhindi -->
