<?xml version="1.0" encoding="UTF-8"?>
<!-- Generated by org.testng.reporters.JUnitXMLReporter -->
<testsuite ignored="0" hostname="clix-Inspiron-7560" failures="0" tests="5" name="TestHomepageenglishinenglish" time="29.105" errors="0" timestamp="2022-01-13T11:26:41 IST">
  <testcase classname="com.clix.clixoerwebsite.CheckEnglishCheckboxContentinEnglish" name="basePageNavigation" time="4.879"/>
  <testcase classname="com.clix.clixoerwebsite.CheckEnglishCheckboxContentinEnglish" name="checkEnglishContentChecked" time="0.811"/>
  <testcase classname="com.clix.clixoerwebsite.CheckEnglishCheckboxContentinEnglish" name="countEnglishModules" time="0.304"/>
  <testcase classname="com.clix.clixoerwebsite.CheckEnglishCheckboxContentinEnglish" name="countLinks" time="0.046"/>
  <testcase classname="com.clix.clixoerwebsite.CheckEnglishCheckboxContentinEnglish" name="verifyEnglishmodulesinEnglishcheckbox" time="0.159"/>
</testsuite> <!-- TestHomepageenglishinenglish -->
