<?xml version="1.0" encoding="UTF-8"?>
<!-- Generated by org.testng.reporters.JUnitXMLReporter -->
<testsuite hostname="LAPTOP-7SNE49UA" ignored="0" name="Test CheckPaginationContent" tests="1" failures="1" timestamp="19 Apr 2021 12:01:26 GMT" time="30.105" errors="0">
  <testcase name="checkPagnationExists" time="20.845" classname="com.clix.clixoerwebsite.CheckPaginationContent">
    <failure type="java.lang.AssertionError" message="expected [5] but found [4]">
      <![CDATA[java.lang.AssertionError: expected [5] but found [4]
at com.clix.clixoerwebsite.CheckPaginationContent.checkPagnationExists(CheckPaginationContent.java:78)
... Removed 31 stack frames]]>
    </failure>
  </testcase> <!-- checkPagnationExists -->
</testsuite> <!-- Test CheckPaginationContent -->
