<?xml version="1.0" encoding="UTF-8"?>
<!-- Generated by org.testng.reporters.JUnitXMLReporter -->
<testsuite ignored="0" hostname="clix-Inspiron-7560" failures="0" tests="4" name="Test CoolOerArtFilter" time="52.873" errors="0" timestamp="2022-03-03T19:14:22 IST">
  <testcase classname="com.clix.clixoerwebsite.CoolOerArtFilter" name="verifyTheArtFilterOptionIsChecked" time="8.366"/>
  <testcase classname="com.clix.clixoerwebsite.CoolOerArtFilter" name="verifyTheNumberOfLinksForArtFilter" time="0.074"/>
  <testcase classname="com.clix.clixoerwebsite.CoolOerArtFilter" name="verifyTheNumberOfResourcesForArtFilter" time="20.053"/>
  <testcase classname="com.clix.clixoerwebsite.CoolOerArtFilter" name="verifyTheResoucesTitleForArtFilter" time="0.095"/>
</testsuite> <!-- Test CoolOerArtFilter -->
