<?xml version="1.0" encoding="UTF-8"?>
<!-- Generated by org.testng.reporters.JUnitXMLReporter -->
<testsuite ignored="0" hostname="clixserver" failures="0" tests="5" name="TestHomepageictinhindi" time="10.151" errors="0" timestamp="2021-10-18T13:18:34 IST">
  <testcase classname="com.clix.clixoerwebsite.Checki2cCheckboxContentinHindi" name="basePageNavigation" time="1.448"/>
  <testcase classname="com.clix.clixoerwebsite.Checki2cCheckboxContentinHindi" name="checki2cContentChecked" time="0.4"/>
  <testcase classname="com.clix.clixoerwebsite.Checki2cCheckboxContentinHindi" name="countLinks" time="0.042"/>
  <testcase classname="com.clix.clixoerwebsite.Checki2cCheckboxContentinHindi" name="counti2cModules" time="1.023"/>
  <testcase classname="com.clix.clixoerwebsite.Checki2cCheckboxContentinHindi" name="verifyi2cmodulesinHindicheckbox" time="1.894"/>
</testsuite> <!-- TestHomepageictinhindi -->
