<?xml version="1.0" encoding="UTF-8"?>
<!-- Generated by org.testng.reporters.JUnitXMLReporter -->
<testsuite ignored="0" hostname="clix-Inspiron-7560" failures="1" tests="5" name="TestHomepagescienceinhindi" time="36.43" errors="0" timestamp="2022-01-13T11:30:36 IST">
  <testcase classname="com.clix.clixoerwebsite.CheckScienceCheckboxContentinHindi" name="basePageNavigation" time="4.169"/>
  <testcase classname="com.clix.clixoerwebsite.CheckScienceCheckboxContentinHindi" name="checkScienceContentChecked" time="1.482"/>
  <testcase classname="com.clix.clixoerwebsite.CheckScienceCheckboxContentinHindi" name="countLinks" time="0.034"/>
  <testcase classname="com.clix.clixoerwebsite.CheckScienceCheckboxContentinHindi" name="countScienceModules" time="0.245"/>
  <testcase classname="com.clix.clixoerwebsite.CheckScienceCheckboxContentinHindi" name="verifySciencemodulesinHindicheckbox" time="0.038">
    <failure type="org.openqa.selenium.ElementClickInterceptedException" message="Element &amp;lt;div class=&amp;quot;dropdown show py-3 fun-name&amp;quot;&amp;gt; is not clickable at point (1851,490) because another element &amp;lt;div class=&amp;quot;cv-spinner&amp;quot;&amp;gt; obscures it
Build info: version: &amp;apos;3.141.59&amp;apos;, revision: &amp;apos;e82be7d358&amp;apos;, time: &amp;apos;2018-11-14T08:17:03&amp;apos;
System info: host: &amp;apos;clix-Inspiron-7560&amp;apos;, ip: &amp;apos;127.0.1.1&amp;apos;, os.name: &amp;apos;Linux&amp;apos;, os.arch: &amp;apos;amd64&amp;apos;, os.version: &amp;apos;5.11.0-44-generic&amp;apos;, java.version: &amp;apos;17.0.1&amp;apos;
Driver info: org.openqa.selenium.firefox.FirefoxDriver
Capabilities {acceptInsecureCerts: true, browserName: firefox, browserVersion: 95.0.1, javascriptEnabled: true, moz:accessibilityChecks: false, moz:buildID: 20211215221728, moz:geckodriverVersion: 0.30.0, moz:headless: false, moz:processID: 14284, moz:profile: /tmp/rust_mozprofileAHmVh4, moz:shutdownTimeout: 60000, moz:useNonSpecCompliantPointerOrigin: false, moz:webdriverClick: true, pageLoadStrategy: normal, platform: LINUX, platformName: LINUX, platformVersion: 5.11.0-44-generic, proxy: Proxy(), setWindowRect: true, strictFileInteractability: false, timeouts: {implicit: 0, pageLoad: 300000, script: 30000}, unhandledPromptBehavior: dismiss and notify}
Session ID: fe732598-e963-4a8b-8625-f81d68110adb">
      <![CDATA[org.openqa.selenium.ElementClickInterceptedException: Element <div class="dropdown show py-3 fun-name"> is not clickable at point (1851,490) because another element <div class="cv-spinner"> obscures it
Build info: version: '3.141.59', revision: 'e82be7d358', time: '2018-11-14T08:17:03'
System info: host: 'clix-Inspiron-7560', ip: '127.0.1.1', os.name: 'Linux', os.arch: 'amd64', os.version: '5.11.0-44-generic', java.version: '17.0.1'
Driver info: org.openqa.selenium.firefox.FirefoxDriver
Capabilities {acceptInsecureCerts: true, browserName: firefox, browserVersion: 95.0.1, javascriptEnabled: true, moz:accessibilityChecks: false, moz:buildID: 20211215221728, moz:geckodriverVersion: 0.30.0, moz:headless: false, moz:processID: 14284, moz:profile: /tmp/rust_mozprofileAHmVh4, moz:shutdownTimeout: 60000, moz:useNonSpecCompliantPointerOrigin: false, moz:webdriverClick: true, pageLoadStrategy: normal, platform: LINUX, platformName: LINUX, platformVersion: 5.11.0-44-generic, proxy: Proxy(), setWindowRect: true, strictFileInteractability: false, timeouts: {implicit: 0, pageLoad: 300000, script: 30000}, unhandledPromptBehavior: dismiss and notify}
Session ID: fe732598-e963-4a8b-8625-f81d68110adb
at org.openqa.selenium.remote.http.W3CHttpResponseCodec.createException(W3CHttpResponseCodec.java:187)
at org.openqa.selenium.remote.http.W3CHttpResponseCodec.decode(W3CHttpResponseCodec.java:122)
at org.openqa.selenium.remote.http.W3CHttpResponseCodec.decode(W3CHttpResponseCodec.java:49)
at org.openqa.selenium.remote.HttpCommandExecutor.execute(HttpCommandExecutor.java:158)
at org.openqa.selenium.remote.service.DriverCommandExecutor.execute(DriverCommandExecutor.java:83)
at org.openqa.selenium.remote.RemoteWebDriver.execute(RemoteWebDriver.java:552)
at org.openqa.selenium.remote.RemoteWebElement.execute(RemoteWebElement.java:285)
at org.openqa.selenium.remote.RemoteWebElement.click(RemoteWebElement.java:84)
at com.clix.clixoerwebsite.CheckScienceCheckboxContentinHindi.verifySciencemodulesinHindicheckbox(CheckScienceCheckboxContentinHindi.java:67)
at java.base/java.util.ArrayList.forEach(ArrayList.java:1511)
... Removed 32 stack frames]]>
    </failure>
  </testcase> <!-- verifySciencemodulesinHindicheckbox -->
</testsuite> <!-- TestHomepagescienceinhindi -->
