<?xml version="1.0" encoding="UTF-8"?>
<!-- Generated by org.testng.reporters.JUnitXMLReporter -->
<testsuite hostname="LAPTOP-7SNE49UA" ignored="0" name="Test About" tests="2" failures="0" timestamp="30 Jul 2020 06:09:17 GMT" time="0.058" errors="0">
  <testcase name="@BeforeTest bringup" time="0.013" classname="com.clix.clixoerwebsite.AboutPageTest">
    <failure type="java.lang.NullPointerException">
      <![CDATA[java.lang.NullPointerException
at resources.base.initializeDriver(base.java:32)
at com.clix.clixoerwebsite.AboutPageTest.bringup(AboutPageTest.java:28)
at java.util.concurrent.FutureTask.run(FutureTask.java:266)
at java.util.concurrent.ThreadPoolExecutor.runWorker(ThreadPoolExecutor.java:1149)
at java.util.concurrent.ThreadPoolExecutor$Worker.run(ThreadPoolExecutor.java:624)
at java.lang.Thread.run(Thread.java:748)
... Removed 15 stack frames]]>
    </failure>
  </testcase> <!-- @BeforeTest bringup -->
  <testcase name="@AfterTest teardown" time="0.0" classname="com.clix.clixoerwebsite.AboutPageTest">
    <skipped/>
  </testcase> <!-- @AfterTest teardown -->
  <testcase name="basePageNavigation" time="0.0" classname="com.clix.clixoerwebsite.AboutPageTest">
    <skipped/>
  </testcase> <!-- basePageNavigation -->
  <testcase name="basePageNavigation" time="0.0" classname="com.clix.clixoerwebsite.AboutPageTest">
    <skipped/>
  </testcase> <!-- basePageNavigation -->
</testsuite> <!-- Test About -->
