<?xml version="1.0" encoding="UTF-8"?>
<!-- Generated by org.testng.reporters.JUnitXMLReporter -->
<testsuite ignored="0" hostname="clixserver" failures="0" tests="5" name="TestHomepagemathsintelegu" time="15.03" errors="0" timestamp="2021-09-29T13:46:25 IST">
  <testcase classname="com.clix.clixoerwebsite.CheckMathsCheckboxContentinTelegu" name="basePageNavigation" time="1.697"/>
  <testcase classname="com.clix.clixoerwebsite.CheckMathsCheckboxContentinTelegu" name="checkMathsContentChecked" time="1.19"/>
  <testcase classname="com.clix.clixoerwebsite.CheckMathsCheckboxContentinTelegu" name="countLinks" time="0.031"/>
  <testcase classname="com.clix.clixoerwebsite.CheckMathsCheckboxContentinTelegu" name="countMathsModules" time="0.12"/>
  <testcase classname="com.clix.clixoerwebsite.CheckMathsCheckboxContentinTelegu" name="verifyMathsmodulesinTelegucheckbox" time="2.682"/>
</testsuite> <!-- TestHomepagemathsintelegu -->
