<?xml version="1.0" encoding="UTF-8"?>
<!-- Generated by org.testng.reporters.JUnitXMLReporter -->
<testsuite ignored="0" hostname="clix-Inspiron-7560" failures="0" tests="4" name="Test CoolOerEnglishResourceFilter" time="12.908" errors="0" timestamp="2021-11-17T16:40:15 IST">
  <testcase classname="com.clix.clixoerwebsite.CoolOerEnglishResourceFilter" name="verifyEnglishLanguageSupportOptionIsChecked" time="0.399"/>
  <testcase classname="com.clix.clixoerwebsite.CoolOerEnglishResourceFilter" name="verifyTheNumberOfLinksOnPageForEnglishFilter" time="2.07"/>
  <testcase classname="com.clix.clixoerwebsite.CoolOerEnglishResourceFilter" name="verifyTheNumberOfResourcesForEnglishFilter" time="2.105"/>
  <testcase classname="com.clix.clixoerwebsite.CoolOerEnglishResourceFilter" name="verifyTheResourcesTitleForEnglishFilter" time="0.142"/>
</testsuite> <!-- Test CoolOerEnglishResourceFilter -->
