<?xml version="1.0" encoding="UTF-8"?>
<!-- Generated by org.testng.reporters.JUnitXMLReporter -->
<testsuite ignored="0" hostname="clixserver" failures="0" tests="4" name="Test CoolOerPunjabiResourceFilter" time="32.27" errors="0" timestamp="2021-10-18T13:23:14 IST">
  <testcase classname="com.clix.clixoerwebsite.CoolOerPunjabiResourceFilter" name="verifyPunjabiLanguageSupportOptionIsChecked" time="0.325"/>
  <testcase classname="com.clix.clixoerwebsite.CoolOerPunjabiResourceFilter" name="verifyTheNumberOfLinksOnPageForPunjabiFilter" time="2.028"/>
  <testcase classname="com.clix.clixoerwebsite.CoolOerPunjabiResourceFilter" name="verifyTheNumberOfResourcesForPunjabiFilter" time="22.064"/>
  <testcase classname="com.clix.clixoerwebsite.CoolOerPunjabiResourceFilter" name="verifyTheResourcesTitleForPunjabiFilter" time="0.056"/>
</testsuite> <!-- Test CoolOerPunjabiResourceFilter -->
