<?xml version="1.0" encoding="UTF-8"?>
<!-- Generated by org.testng.reporters.JUnitXMLReporter -->
<testsuite ignored="0" hostname="clixserver" failures="0" tests="4" name="TestHomepageictintelegu" time="17.007" errors="0" timestamp="2021-09-29T13:47:57 IST">
  <testcase classname="com.clix.clixoerwebsite.Checki2cCheckboxContentinTelegu" name="basePageNavigation" time="1.813"/>
  <testcase classname="com.clix.clixoerwebsite.Checki2cCheckboxContentinTelegu" name="checki2cContentChecked" time="0.335"/>
  <testcase classname="com.clix.clixoerwebsite.Checki2cCheckboxContentinTelegu" name="counti2cModules" time="1.03"/>
  <testcase classname="com.clix.clixoerwebsite.Checki2cCheckboxContentinTelegu" name="verifyi2cmodulesinTelegucheckbox" time="2.161"/>
</testsuite> <!-- TestHomepageictintelegu -->
