<?xml version="1.0" encoding="UTF-8"?>
<!-- Generated by org.testng.reporters.JUnitXMLReporter -->
<testsuite ignored="0" hostname="clixserver" failures="0" tests="4" name="Test DomainScience" time="13.981" errors="0" timestamp="2021-09-29T13:52:01 IST">
  <testcase classname="com.clix.clixoerwebsite.DomainScienceValidation" name="verifyDomainScienceOptionIsSelected" time="3.733"/>
  <testcase classname="com.clix.clixoerwebsite.DomainScienceValidation" name="verifyTheNumberOfLinksOnScienceDomainPage" time="0.126"/>
  <testcase classname="com.clix.clixoerwebsite.DomainScienceValidation" name="verifyTheNumberOfScienceModules" time="0.089"/>
  <testcase classname="com.clix.clixoerwebsite.DomainScienceValidation" name="verifyTheScienceModuleTitles" time="0.185"/>
</testsuite> <!-- Test DomainScience -->
