<?xml version="1.0" encoding="UTF-8"?>
<!-- Generated by org.testng.reporters.JUnitXMLReporter -->
<testsuite ignored="0" hostname="clixserver" failures="0" tests="5" name="TestHomepagemathsinTelegu" time="16.571" errors="0" timestamp="2021-09-29T13:48:43 IST">
  <testcase classname="com.clix.clixoerwebsite.CheckMathsCheckboxContentinTelegu" name="basePageNavigation" time="1.899"/>
  <testcase classname="com.clix.clixoerwebsite.CheckMathsCheckboxContentinTelegu" name="checkMathsContentChecked" time="1.146"/>
  <testcase classname="com.clix.clixoerwebsite.CheckMathsCheckboxContentinTelegu" name="countLinks" time="0.034"/>
  <testcase classname="com.clix.clixoerwebsite.CheckMathsCheckboxContentinTelegu" name="countMathsModules" time="0.12"/>
  <testcase classname="com.clix.clixoerwebsite.CheckMathsCheckboxContentinTelegu" name="verifyMathsmodulesinTelegucheckbox" time="3.219"/>
</testsuite> <!-- TestHomepagemathsinTelegu -->
