<?xml version="1.0" encoding="UTF-8"?>
<!-- Generated by org.testng.reporters.JUnitXMLReporter -->
<testsuite ignored="0" hostname="clix-Inspiron-7560" failures="0" tests="4" name="TestHomepageenglishinhindi" time="27.954" errors="0" timestamp="2022-03-03T18:59:55 IST">
  <testcase classname="com.clix.clixoerwebsite.CheckEnglishCheckboxContentinHindi" name="basePageNavigation" time="4.766"/>
  <testcase classname="com.clix.clixoerwebsite.CheckEnglishCheckboxContentinHindi" name="checkEnglishContentCheckedinHindi" time="1.338"/>
  <testcase classname="com.clix.clixoerwebsite.CheckEnglishCheckboxContentinHindi" name="countEnglishModulesinHindi" time="0.022"/>
  <testcase classname="com.clix.clixoerwebsite.CheckEnglishCheckboxContentinHindi" name="verifyEnglishmodulesinHindicheckbox" time="2.03"/>
</testsuite> <!-- TestHomepageenglishinhindi -->
