<?xml version="1.0" encoding="UTF-8"?>
<!-- Generated by org.testng.reporters.JUnitXMLReporter -->
<testsuite ignored="0" hostname="clixserver" failures="0" tests="5" name="TestHomepageictinhindi" time="14.883" errors="0" timestamp="2021-09-29T13:47:40 IST">
  <testcase classname="com.clix.clixoerwebsite.Checki2cCheckboxContentinHindi" name="basePageNavigation" time="1.633"/>
  <testcase classname="com.clix.clixoerwebsite.Checki2cCheckboxContentinHindi" name="checki2cContentChecked" time="0.415"/>
  <testcase classname="com.clix.clixoerwebsite.Checki2cCheckboxContentinHindi" name="countLinks" time="0.047"/>
  <testcase classname="com.clix.clixoerwebsite.Checki2cCheckboxContentinHindi" name="counti2cModules" time="1.026"/>
  <testcase classname="com.clix.clixoerwebsite.Checki2cCheckboxContentinHindi" name="verifyi2cmodulesinHindicheckbox" time="2.17"/>
</testsuite> <!-- TestHomepageictinhindi -->
