<?xml version="1.0" encoding="UTF-8"?>
<!-- Generated by org.testng.reporters.JUnitXMLReporter -->
<testsuite ignored="0" hostname="clix-Inspiron-7560" failures="0" tests="4" name="Test CoolOerScienceFilter" time="36.288" errors="0" timestamp="2021-11-17T16:43:17 IST">
  <testcase classname="com.clix.clixoerwebsite.CoolOerScienceFilter" name="verifyTheArtFilterOptionIsChecked" time="8.418"/>
  <testcase classname="com.clix.clixoerwebsite.CoolOerScienceFilter" name="verifyTheNumberOfLinksForScienceFilter" time="0.032"/>
  <testcase classname="com.clix.clixoerwebsite.CoolOerScienceFilter" name="verifyTheNumberOfResourcesForScienceFilter" time="20.067"/>
  <testcase classname="com.clix.clixoerwebsite.CoolOerScienceFilter" name="verifyTheResoucesTitleForScienceFilter" time="0.131"/>
</testsuite> <!-- Test CoolOerScienceFilter -->
