<?xml version="1.0" encoding="UTF-8"?>
<!-- Generated by org.testng.reporters.JUnitXMLReporter -->
<testsuite ignored="0" hostname="clix-Inspiron-7560" failures="0" tests="4" name="Test DomainMath" time="28.844" errors="0" timestamp="2022-03-03T19:08:55 IST">
  <testcase classname="com.clix.clixoerwebsite.DomainMathValidation" name="verifyDomainMathOptionIsSelected" time="7.728"/>
  <testcase classname="com.clix.clixoerwebsite.DomainMathValidation" name="verifyTheNumberOfLinksOnPage" time="0.043"/>
  <testcase classname="com.clix.clixoerwebsite.DomainMathValidation" name="verifyTheNumberOfMathModules" time="0.012"/>
  <testcase classname="com.clix.clixoerwebsite.DomainMathValidation" name="verifyTheTitleOfMathModulePage" time="0.071"/>
</testsuite> <!-- Test DomainMath -->
