<?xml version="1.0" encoding="UTF-8"?>
<!-- Generated by org.testng.reporters.JUnitXMLReporter -->
<testsuite ignored="0" hostname="clixserver" failures="0" tests="4" name="TestHomepageenglishintelegu" time="14.674" errors="0" timestamp="2021-09-29T13:45:43 IST">
  <testcase classname="com.clix.clixoerwebsite.CheckEnglishCheckboxContentinTelegu" name="basePageNavigation" time="1.661"/>
  <testcase classname="com.clix.clixoerwebsite.CheckEnglishCheckboxContentinTelegu" name="checkEnglishContentCheckedinTelegu" time="1.084"/>
  <testcase classname="com.clix.clixoerwebsite.CheckEnglishCheckboxContentinTelegu" name="countEnglishModulesinTelegu" time="0.138"/>
  <testcase classname="com.clix.clixoerwebsite.CheckEnglishCheckboxContentinTelegu" name="verifyEnglishmodulesinTelegucheckbox" time="2.714"/>
</testsuite> <!-- TestHomepageenglishintelegu -->
