<?xml version="1.0" encoding="UTF-8"?>
<!-- Generated by org.testng.reporters.JUnitXMLReporter -->
<testsuite ignored="0" hostname="clix-Inspiron-7560" failures="0" tests="4" name="Test CoolOerPunjabiResourceFilter" time="67.883" errors="0" timestamp="2022-01-13T11:41:58 IST">
  <testcase classname="com.clix.clixoerwebsite.CoolOerPunjabiResourceFilter" name="verifyPunjabiLanguageSupportOptionIsChecked" time="0.406"/>
  <testcase classname="com.clix.clixoerwebsite.CoolOerPunjabiResourceFilter" name="verifyTheNumberOfLinksOnPageForPunjabiFilter" time="2.039"/>
  <testcase classname="com.clix.clixoerwebsite.CoolOerPunjabiResourceFilter" name="verifyTheNumberOfResourcesForPunjabiFilter" time="22.035"/>
  <testcase classname="com.clix.clixoerwebsite.CoolOerPunjabiResourceFilter" name="verifyTheResourcesTitleForPunjabiFilter" time="0.052"/>
</testsuite> <!-- Test CoolOerPunjabiResourceFilter -->
