<?xml version="1.0" encoding="UTF-8"?>
<!-- Generated by org.testng.reporters.JUnitXMLReporter -->
<testsuite ignored="0" hostname="clixserver" failures="0" tests="5" name="TestHomepagemathsinhindi" time="10.293" errors="0" timestamp="2021-10-18T13:17:36 IST">
  <testcase classname="com.clix.clixoerwebsite.CheckMathsCheckboxContentinHindi" name="basePageNavigation" time="1.33"/>
  <testcase classname="com.clix.clixoerwebsite.CheckMathsCheckboxContentinHindi" name="checkMathsContentChecked" time="1.436"/>
  <testcase classname="com.clix.clixoerwebsite.CheckMathsCheckboxContentinHindi" name="countLinks" time="0.054"/>
  <testcase classname="com.clix.clixoerwebsite.CheckMathsCheckboxContentinHindi" name="countMathsModules" time="0.172"/>
  <testcase classname="com.clix.clixoerwebsite.CheckMathsCheckboxContentinHindi" name="verifyMathsmodulesinHindicheckbox" time="2.602"/>
</testsuite> <!-- TestHomepagemathsinhindi -->
