<?xml version="1.0" encoding="UTF-8"?>
<!-- Generated by org.testng.reporters.JUnitXMLReporter -->
<testsuite ignored="0" hostname="clixserver" failures="0" tests="5" name="TestHomepagescienceinhindi" time="17.562" errors="0" timestamp="2021-09-29T13:46:56 IST">
  <testcase classname="com.clix.clixoerwebsite.CheckScienceCheckboxContentinHindi" name="basePageNavigation" time="1.844"/>
  <testcase classname="com.clix.clixoerwebsite.CheckScienceCheckboxContentinHindi" name="checkScienceContentChecked" time="2.09"/>
  <testcase classname="com.clix.clixoerwebsite.CheckScienceCheckboxContentinHindi" name="countLinks" time="0.067"/>
  <testcase classname="com.clix.clixoerwebsite.CheckScienceCheckboxContentinHindi" name="countScienceModules" time="0.195"/>
  <testcase classname="com.clix.clixoerwebsite.CheckScienceCheckboxContentinHindi" name="verifySciencemodulesinHindicheckbox" time="3.171"/>
</testsuite> <!-- TestHomepagescienceinhindi -->
