<?xml version="1.0" encoding="UTF-8"?>
<!-- Generated by org.testng.reporters.JUnitXMLReporter -->
<testsuite ignored="0" hostname="clixserver" failures="0" tests="5" name="TestHomepageictinenglish" time="12.971" errors="0" timestamp="2021-09-29T13:47:25 IST">
  <testcase classname="com.clix.clixoerwebsite.Checki2cCheckboxContentinEnglish" name="basePageNavigation" time="1.642"/>
  <testcase classname="com.clix.clixoerwebsite.Checki2cCheckboxContentinEnglish" name="checki2cContentChecked" time="0.481"/>
  <testcase classname="com.clix.clixoerwebsite.Checki2cCheckboxContentinEnglish" name="countLinks" time="0.075"/>
  <testcase classname="com.clix.clixoerwebsite.Checki2cCheckboxContentinEnglish" name="counti2cModules" time="1.021"/>
  <testcase classname="com.clix.clixoerwebsite.Checki2cCheckboxContentinEnglish" name="verifyi2cmodulesinEnglishcheckbox" time="0.085"/>
</testsuite> <!-- TestHomepageictinenglish -->
