<?xml version="1.0" encoding="UTF-8"?>
<!-- Generated by org.testng.reporters.JUnitXMLReporter -->
<testsuite ignored="0" hostname="clix-Inspiron-7560" failures="0" tests="2" name="Test Interactives" time="34.895" errors="0" timestamp="2021-11-17T16:38:18 IST">
  <testcase classname="com.clix.clixoerwebsite.CheckInteractives" name="checkModuleExist" time="1.916"/>
  <testcase classname="com.clix.clixoerwebsite.CheckInteractives" name="checkPaginationInteractives" time="22.588"/>
</testsuite> <!-- Test Interactives -->
