<?xml version="1.0" encoding="UTF-8"?>
<!-- Generated by org.testng.reporters.JUnitXMLReporter -->
<testsuite ignored="0" hostname="clix-Inspiron-7560" failures="0" tests="4" name="Test CoolOerLanguageFilter" time="53.155" errors="0" timestamp="2022-01-13T11:44:49 IST">
  <testcase classname="com.clix.clixoerwebsite.CoolOerLanguageFilter" name="verifyTheLanguageFilterOptionIsChecked" time="8.475"/>
  <testcase classname="com.clix.clixoerwebsite.CoolOerLanguageFilter" name="verifyTheNumberOfLinksForLanguageFilter" time="0.038"/>
  <testcase classname="com.clix.clixoerwebsite.CoolOerLanguageFilter" name="verifyTheNumberOfResourcesForLanguageFilter" time="20.04"/>
  <testcase classname="com.clix.clixoerwebsite.CoolOerLanguageFilter" name="verifyTheResoucesTitleForLanguageFilter" time="0.05"/>
</testsuite> <!-- Test CoolOerLanguageFilter -->
