<?xml version="1.0" encoding="UTF-8"?>
<!-- Generated by org.testng.reporters.JUnitXMLReporter -->
<testsuite ignored="0" hostname="clix-Inspiron-7560" failures="0" tests="5" name="TestHomepagemathsintelegu" time="27.851" errors="0" timestamp="2022-03-03T19:01:48 IST">
  <testcase classname="com.clix.clixoerwebsite.CheckMathsCheckboxContentinTelegu" name="basePageNavigation" time="4.788"/>
  <testcase classname="com.clix.clixoerwebsite.CheckMathsCheckboxContentinTelegu" name="checkMathsContentChecked" time="1.449"/>
  <testcase classname="com.clix.clixoerwebsite.CheckMathsCheckboxContentinTelegu" name="countLinks" time="0.023"/>
  <testcase classname="com.clix.clixoerwebsite.CheckMathsCheckboxContentinTelegu" name="countMathsModules" time="0.009"/>
  <testcase classname="com.clix.clixoerwebsite.CheckMathsCheckboxContentinTelegu" name="verifyMathsmodulesinTelegucheckbox" time="1.76"/>
</testsuite> <!-- TestHomepagemathsintelegu -->
