<?xml version="1.0" encoding="UTF-8"?>
<!-- Generated by org.testng.reporters.JUnitXMLReporter -->
<testsuite ignored="0" hostname="clixserver" failures="0" tests="4" name="TestHomepageenglishinhindi" time="9.751" errors="0" timestamp="2021-10-18T13:17:08 IST">
  <testcase classname="com.clix.clixoerwebsite.CheckEnglishCheckboxContentinHindi" name="basePageNavigation" time="1.388"/>
  <testcase classname="com.clix.clixoerwebsite.CheckEnglishCheckboxContentinHindi" name="checkEnglishContentCheckedinHindi" time="1.159"/>
  <testcase classname="com.clix.clixoerwebsite.CheckEnglishCheckboxContentinHindi" name="countEnglishModulesinHindi" time="0.136"/>
  <testcase classname="com.clix.clixoerwebsite.CheckEnglishCheckboxContentinHindi" name="verifyEnglishmodulesinHindicheckbox" time="2.633"/>
</testsuite> <!-- TestHomepageenglishinhindi -->
