<?xml version="1.0" encoding="UTF-8"?>
<!-- Generated by org.testng.reporters.JUnitXMLReporter -->
<testsuite ignored="0" hostname="clix-Inspiron-7560" failures="0" tests="4" name="TestHomepageenglishintelegu" time="27.231" errors="0" timestamp="2022-03-03T19:00:22 IST">
  <testcase classname="com.clix.clixoerwebsite.CheckEnglishCheckboxContentinTelegu" name="basePageNavigation" time="4.531"/>
  <testcase classname="com.clix.clixoerwebsite.CheckEnglishCheckboxContentinTelegu" name="checkEnglishContentCheckedinTelegu" time="1.167"/>
  <testcase classname="com.clix.clixoerwebsite.CheckEnglishCheckboxContentinTelegu" name="countEnglishModulesinTelegu" time="0.011"/>
  <testcase classname="com.clix.clixoerwebsite.CheckEnglishCheckboxContentinTelegu" name="verifyEnglishmodulesinTelegucheckbox" time="2.015"/>
</testsuite> <!-- TestHomepageenglishintelegu -->
