<?xml version="1.0" encoding="UTF-8"?>
<!-- Generated by org.testng.reporters.JUnitXMLReporter -->
<testsuite ignored="0" hostname="clixserver" failures="0" tests="5" name="TestHomepagemathsinTelegu" time="9.822" errors="0" timestamp="2021-10-18T13:19:11 IST">
  <testcase classname="com.clix.clixoerwebsite.CheckMathsCheckboxContentinTelegu" name="basePageNavigation" time="1.405"/>
  <testcase classname="com.clix.clixoerwebsite.CheckMathsCheckboxContentinTelegu" name="checkMathsContentChecked" time="1.244"/>
  <testcase classname="com.clix.clixoerwebsite.CheckMathsCheckboxContentinTelegu" name="countLinks" time="0.033"/>
  <testcase classname="com.clix.clixoerwebsite.CheckMathsCheckboxContentinTelegu" name="countMathsModules" time="0.129"/>
  <testcase classname="com.clix.clixoerwebsite.CheckMathsCheckboxContentinTelegu" name="verifyMathsmodulesinTelegucheckbox" time="2.52"/>
</testsuite> <!-- TestHomepagemathsinTelegu -->
