<?xml version="1.0" encoding="UTF-8"?>
<!-- Generated by org.testng.reporters.JUnitXMLReporter -->
<testsuite ignored="0" hostname="clixserver" failures="0" tests="4" name="Test CoolOerEnglishResourceFilter" time="11.548" errors="0" timestamp="2021-09-29T13:52:24 IST">
  <testcase classname="com.clix.clixoerwebsite.CoolOerEnglishResourceFilter" name="verifyEnglishLanguageSupportOptionIsChecked" time="0.361"/>
  <testcase classname="com.clix.clixoerwebsite.CoolOerEnglishResourceFilter" name="verifyTheNumberOfLinksOnPageForEnglishFilter" time="2.038"/>
  <testcase classname="com.clix.clixoerwebsite.CoolOerEnglishResourceFilter" name="verifyTheNumberOfResourcesForEnglishFilter" time="2.062"/>
  <testcase classname="com.clix.clixoerwebsite.CoolOerEnglishResourceFilter" name="verifyTheResourcesTitleForEnglishFilter" time="0.16"/>
</testsuite> <!-- Test CoolOerEnglishResourceFilter -->
