<?xml version="1.0" encoding="UTF-8"?>
<!-- Generated by org.testng.reporters.JUnitXMLReporter -->
<testsuite hostname="LAPTOP-7SNE49UA" ignored="0" name="TestHomepageLinks" tests="1" failures="0" timestamp="30 Jul 2020 06:09:17 GMT" time="0.053" errors="0">
  <testcase name="@BeforeTest bringup" time="0.014" classname="com.clix.clixoerwebsite.ValidateContactus">
    <failure type="java.lang.NullPointerException">
      <![CDATA[java.lang.NullPointerException
at resources.base.initializeDriver(base.java:32)
at com.clix.clixoerwebsite.ValidateContactus.bringup(ValidateContactus.java:27)
at java.util.concurrent.FutureTask.run(FutureTask.java:266)
at java.util.concurrent.ThreadPoolExecutor.runWorker(ThreadPoolExecutor.java:1149)
at java.util.concurrent.ThreadPoolExecutor$Worker.run(ThreadPoolExecutor.java:624)
at java.lang.Thread.run(Thread.java:748)
... Removed 15 stack frames]]>
    </failure>
  </testcase> <!-- @BeforeTest bringup -->
  <testcase name="@BeforeTest bringup" time="0.012" classname="com.clix.clixoerwebsite.HomePageLinks">
    <failure type="java.lang.NullPointerException">
      <![CDATA[java.lang.NullPointerException
at resources.base.initializeDriver(base.java:32)
at com.clix.clixoerwebsite.HomePageLinks.bringup(HomePageLinks.java:24)
at java.util.concurrent.FutureTask.run(FutureTask.java:266)
at java.util.concurrent.ThreadPoolExecutor.runWorker(ThreadPoolExecutor.java:1149)
at java.util.concurrent.ThreadPoolExecutor$Worker.run(ThreadPoolExecutor.java:624)
at java.lang.Thread.run(Thread.java:748)
... Removed 15 stack frames]]>
    </failure>
  </testcase> <!-- @BeforeTest bringup -->
  <testcase name="@AfterTest teardown" time="0.0" classname="com.clix.clixoerwebsite.HomePageLinks">
    <skipped/>
  </testcase> <!-- @AfterTest teardown -->
  <testcase name="@AfterTest teardown" time="0.0" classname="com.clix.clixoerwebsite.ValidateContactus">
    <skipped/>
  </testcase> <!-- @AfterTest teardown -->
  <testcase name="countLinks" time="0.0" classname="com.clix.clixoerwebsite.HomePageLinks">
    <skipped/>
  </testcase> <!-- countLinks -->
</testsuite> <!-- TestHomepageLinks -->
