<?xml version="1.0" encoding="UTF-8"?>
<!-- Generated by org.testng.reporters.JUnitXMLReporter -->
<testsuite ignored="0" hostname="clixserver" failures="0" tests="4" name="Test DomainEnglish" time="13.735" errors="0" timestamp="2021-09-29T13:51:33 IST">
  <testcase classname="com.clix.clixoerwebsite.DomainEnglishValidation" name="verifyEnglishOptionUnderDomainIsSelected" time="3.492"/>
  <testcase classname="com.clix.clixoerwebsite.DomainEnglishValidation" name="verifyNumberOfLinkOnPage" time="0.108"/>
  <testcase classname="com.clix.clixoerwebsite.DomainEnglishValidation" name="verifyTheNameOfEnglishModules" time="0.155"/>
  <testcase classname="com.clix.clixoerwebsite.DomainEnglishValidation" name="verifyTheNumberOfEnglishModules" time="0.023"/>
</testsuite> <!-- Test DomainEnglish -->
