<?xml version="1.0" encoding="UTF-8"?>
<!-- Generated by org.testng.reporters.JUnitXMLReporter -->
<testsuite ignored="0" hostname="clixserver" failures="0" tests="5" name="TestHomepagemathsinHindi" time="15.586" errors="0" timestamp="2021-09-29T13:48:26 IST">
  <testcase classname="com.clix.clixoerwebsite.CheckMathsCheckboxContentinHindi" name="basePageNavigation" time="1.705"/>
  <testcase classname="com.clix.clixoerwebsite.CheckMathsCheckboxContentinHindi" name="checkMathsContentChecked" time="1.201"/>
  <testcase classname="com.clix.clixoerwebsite.CheckMathsCheckboxContentinHindi" name="countLinks" time="0.041"/>
  <testcase classname="com.clix.clixoerwebsite.CheckMathsCheckboxContentinHindi" name="countMathsModules" time="0.15"/>
  <testcase classname="com.clix.clixoerwebsite.CheckMathsCheckboxContentinHindi" name="verifyMathsmodulesinHindicheckbox" time="2.419"/>
</testsuite> <!-- TestHomepagemathsinHindi -->
