<?xml version="1.0" encoding="UTF-8"?>
<!-- Generated by org.testng.reporters.JUnitXMLReporter -->
<testsuite ignored="0" hostname="clix-Inspiron-7560" failures="0" tests="4" name="Test CoolOerMultipleSubjectFilter" time="31.158" errors="0" timestamp="2022-01-13T11:42:29 IST">
  <testcase classname="com.clix.clixoerwebsite.CoolOerMultipleSubjectFilter" name="verifyMultipleSubjectOptionIsChecked" time="8.453"/>
  <testcase classname="com.clix.clixoerwebsite.CoolOerMultipleSubjectFilter" name="verifyNumberOfResourcesForMultipleSubjectsFilter" time="0.031"/>
  <testcase classname="com.clix.clixoerwebsite.CoolOerMultipleSubjectFilter" name="verifyTheNumberOfLinksForMultipleSubjectFilter" time="2.063"/>
  <testcase classname="com.clix.clixoerwebsite.CoolOerMultipleSubjectFilter" name="verifyTheResourceTitleForMultipleSubjectFilter" time="0.078"/>
</testsuite> <!-- Test CoolOerMultipleSubjectFilter -->
