<?xml version="1.0" encoding="UTF-8"?>
<!-- Generated by org.testng.reporters.JUnitXMLReporter -->
<testsuite ignored="0" hostname="clixserver" failures="0" tests="4" name="TestHomepageenglishintelegu" time="9.958" errors="0" timestamp="2021-10-18T13:17:18 IST">
  <testcase classname="com.clix.clixoerwebsite.CheckEnglishCheckboxContentinTelegu" name="basePageNavigation" time="1.342"/>
  <testcase classname="com.clix.clixoerwebsite.CheckEnglishCheckboxContentinTelegu" name="checkEnglishContentCheckedinTelegu" time="1.121"/>
  <testcase classname="com.clix.clixoerwebsite.CheckEnglishCheckboxContentinTelegu" name="countEnglishModulesinTelegu" time="0.116"/>
  <testcase classname="com.clix.clixoerwebsite.CheckEnglishCheckboxContentinTelegu" name="verifyEnglishmodulesinTelegucheckbox" time="2.497"/>
</testsuite> <!-- TestHomepageenglishintelegu -->
