<?xml version="1.0" encoding="UTF-8"?>
<!-- Generated by org.testng.reporters.JUnitXMLReporter -->
<testsuite hostname="LAPTOP-7SNE49UA" ignored="0" name="TestHomepage" tests="3" failures="0" timestamp="31 Jul 2020 06:52:15 GMT" time="0.052" errors="0">
  <testcase name="@BeforeTest bringup" time="0.017" classname="com.clix.clixoerwebsite.HomePage">
    <failure type="java.lang.NullPointerException">
      <![CDATA[java.lang.NullPointerException
at resources.base.initializeDriver(base.java:33)
at com.clix.clixoerwebsite.HomePage.bringup(HomePage.java:26)
at java.util.concurrent.FutureTask.run(FutureTask.java:266)
at java.util.concurrent.ThreadPoolExecutor.runWorker(ThreadPoolExecutor.java:1149)
at java.util.concurrent.ThreadPoolExecutor$Worker.run(ThreadPoolExecutor.java:624)
at java.lang.Thread.run(Thread.java:748)
... Removed 15 stack frames]]>
    </failure>
  </testcase> <!-- @BeforeTest bringup -->
  <testcase name="@AfterTest teardown" time="0.0" classname="com.clix.clixoerwebsite.HomePage">
    <skipped/>
  </testcase> <!-- @AfterTest teardown -->
  <testcase name="basePageNavigation" time="0.0" classname="com.clix.clixoerwebsite.HomePage">
    <skipped/>
  </testcase> <!-- basePageNavigation -->
  <testcase name="countLinks" time="0.0" classname="com.clix.clixoerwebsite.HomePage">
    <skipped/>
  </testcase> <!-- countLinks -->
  <testcase name="verifyEnglishmodulesinEnglish" time="0.0" classname="com.clix.clixoerwebsite.HomePage">
    <skipped/>
  </testcase> <!-- verifyEnglishmodulesinEnglish -->
</testsuite> <!-- TestHomepage -->
