<?xml version="1.0" encoding="UTF-8"?>
<!-- Generated by org.testng.reporters.JUnitXMLReporter -->
<testsuite ignored="0" hostname="clix-Inspiron-7560" failures="0" tests="4" name="Test CoolOerMathematicsFilter" time="48.39" errors="0" timestamp="2022-01-13T11:45:37 IST">
  <testcase classname="com.clix.clixoerwebsite.CoolOerMathematicsFilter" name="verifyTheMathematicsFilterOptionIsChecked" time="8.436"/>
  <testcase classname="com.clix.clixoerwebsite.CoolOerMathematicsFilter" name="verifyTheNumberOfLinksForMathematicsFilter" time="0.048"/>
  <testcase classname="com.clix.clixoerwebsite.CoolOerMathematicsFilter" name="verifyTheNumberOfResourcesForMathematicsFilter" time="20.032"/>
  <testcase classname="com.clix.clixoerwebsite.CoolOerMathematicsFilter" name="verifyTheResoucesTitleForMathematicsFilter" time="0.096"/>
</testsuite> <!-- Test CoolOerMathematicsFilter -->
