<?xml version="1.0" encoding="UTF-8"?>
<!-- Generated by org.testng.reporters.JUnitXMLReporter -->
<testsuite ignored="0" hostname="clix-Inspiron-7560" failures="0" tests="2" name="Test FooterTermsOfServiceLinkValidation" time="70.3" errors="0" timestamp="2022-03-03T19:19:11 IST">
  <testcase classname="com.clix.clixoerwebsite.FooterTermsOfServiceLinkValidation" name="verifyTermsOfServiceLinkIsDisplayed" time="0.199"/>
  <testcase classname="com.clix.clixoerwebsite.FooterTermsOfServiceLinkValidation" name="verifyTermsOfServiceLinkValidation" time="16.121"/>
</testsuite> <!-- Test FooterTermsOfServiceLinkValidation -->
