<?xml version="1.0" encoding="UTF-8"?>
<!-- Generated by org.testng.reporters.JUnitXMLReporter -->
<testsuite ignored="0" hostname="clix-Inspiron-7560" failures="1" tests="2" name="Test CommunicationEnglishLevel1ExploreOnline" time="25.773" errors="0" timestamp="2022-02-28T12:08:18 IST">
  <testcase classname="com.clix.clixoerwebsite.CommunicationEnglishLevel1ExploreOnline" name="verifyExploreOnlineButtonIsDisplayed" time="0.479"/>
  <testcase classname="com.clix.clixoerwebsite.CommunicationEnglishLevel1ExploreOnline" name="verifyExploreOnlineCourseTitle" time="0.046">
    <failure type="org.openqa.selenium.ElementClickInterceptedException" message="Element &amp;lt;a id=&amp;quot;5a9ff13a69602a0156048cd6&amp;quot; class=&amp;quot;explore&amp;quot; href=&amp;quot;https://demo-clix.tiss.edu/home/module/5a9ff13a69602a0156048cd6/courses&amp;quot;&amp;gt; is not clickable at point (581,853) because another element &amp;lt;div class=&amp;quot;cv-spinner&amp;quot;&amp;gt; obscures it
Build info: version: &amp;apos;4.1.2&amp;apos;, revision: &amp;apos;9a5a329c5a&amp;apos;
System info: host: &amp;apos;clix-Inspiron-7560&amp;apos;, ip: &amp;apos;127.0.1.1&amp;apos;, os.name: &amp;apos;Linux&amp;apos;, os.arch: &amp;apos;amd64&amp;apos;, os.version: &amp;apos;5.13.0-28-generic&amp;apos;, java.version: &amp;apos;17.0.1&amp;apos;
Driver info: org.openqa.selenium.firefox.FirefoxDriver
Command: [ff512c67-a418-41b8-b3aa-366bcc4b768d, clickElement {id=a4fedbfb-81bb-4c46-a324-249eb42a3c4c}]
Capabilities {acceptInsecureCerts: true, browserName: firefox, browserVersion: 97.0, javascriptEnabled: true, moz:accessibilityChecks: false, moz:buildID: 20220202182137, moz:debuggerAddress: localhost:44924, moz:geckodriverVersion: 0.30.0, moz:headless: false, moz:processID: 16666, moz:profile: /tmp/rust_mozprofileEAHNeV, moz:shutdownTimeout: 60000, moz:useNonSpecCompliantPointerOrigin: false, moz:webdriverClick: true, pageLoadStrategy: normal, platform: LINUX, platformName: LINUX, platformVersion: 5.13.0-28-generic, proxy: Proxy(), se:cdp: ws://localhost:44924/devtoo..., se:cdpVersion: 85.0, setWindowRect: true, strictFileInteractability: false, timeouts: {implicit: 0, pageLoad: 300000, script: 30000}, unhandledPromptBehavior: dismiss and notify}
Element: [[FirefoxDriver: firefox on LINUX (ff512c67-a418-41b8-b3aa-366bcc4b768d)] -&amp;gt; css selector: div#jar &amp;gt; div &amp;gt; div:nth-Child(2) &amp;gt; div &amp;gt; div:nth-Child(3) &amp;gt; div  &amp;gt; div:nth-Child(4) &amp;gt; a:nth-Child(1)]
Session ID: ff512c67-a418-41b8-b3aa-366bcc4b768d">
      <![CDATA[org.openqa.selenium.ElementClickInterceptedException: Element <a id="5a9ff13a69602a0156048cd6" class="explore" href="https://demo-clix.tiss.edu/home/module/5a9ff13a69602a0156048cd6/courses"> is not clickable at point (581,853) because another element <div class="cv-spinner"> obscures it
Build info: version: '4.1.2', revision: '9a5a329c5a'
System info: host: 'clix-Inspiron-7560', ip: '127.0.1.1', os.name: 'Linux', os.arch: 'amd64', os.version: '5.13.0-28-generic', java.version: '17.0.1'
Driver info: org.openqa.selenium.firefox.FirefoxDriver
Command: [ff512c67-a418-41b8-b3aa-366bcc4b768d, clickElement {id=a4fedbfb-81bb-4c46-a324-249eb42a3c4c}]
Capabilities {acceptInsecureCerts: true, browserName: firefox, browserVersion: 97.0, javascriptEnabled: true, moz:accessibilityChecks: false, moz:buildID: 20220202182137, moz:debuggerAddress: localhost:44924, moz:geckodriverVersion: 0.30.0, moz:headless: false, moz:processID: 16666, moz:profile: /tmp/rust_mozprofileEAHNeV, moz:shutdownTimeout: 60000, moz:useNonSpecCompliantPointerOrigin: false, moz:webdriverClick: true, pageLoadStrategy: normal, platform: LINUX, platformName: LINUX, platformVersion: 5.13.0-28-generic, proxy: Proxy(), se:cdp: ws://localhost:44924/devtoo..., se:cdpVersion: 85.0, setWindowRect: true, strictFileInteractability: false, timeouts: {implicit: 0, pageLoad: 300000, script: 30000}, unhandledPromptBehavior: dismiss and notify}
Element: [[FirefoxDriver: firefox on LINUX (ff512c67-a418-41b8-b3aa-366bcc4b768d)] -> css selector: div#jar > div > div:nth-Child(2) > div > div:nth-Child(3) > div  > div:nth-Child(4) > a:nth-Child(1)]
Session ID: ff512c67-a418-41b8-b3aa-366bcc4b768d
at org.openqa.selenium.remote.codec.w3c.W3CHttpResponseCodec.createException(W3CHttpResponseCodec.java:200)
at org.openqa.selenium.remote.codec.w3c.W3CHttpResponseCodec.decode(W3CHttpResponseCodec.java:133)
at org.openqa.selenium.remote.codec.w3c.W3CHttpResponseCodec.decode(W3CHttpResponseCodec.java:53)
at org.openqa.selenium.remote.HttpCommandExecutor.execute(HttpCommandExecutor.java:184)
at org.openqa.selenium.remote.service.DriverCommandExecutor.invokeExecute(DriverCommandExecutor.java:167)
at org.openqa.selenium.remote.service.DriverCommandExecutor.execute(DriverCommandExecutor.java:142)
at org.openqa.selenium.remote.RemoteWebDriver.execute(RemoteWebDriver.java:558)
at org.openqa.selenium.remote.RemoteWebElement.execute(RemoteWebElement.java:251)
at org.openqa.selenium.remote.RemoteWebElement.click(RemoteWebElement.java:77)
at com.clix.clixoerwebsite.CommunicationEnglishLevel1ExploreOnline.verifyExploreOnlineCourseTitle(CommunicationEnglishLevel1ExploreOnline.java:63)
at java.base/java.util.ArrayList.forEach(ArrayList.java:1511)
... Removed 32 stack frames]]>
    </failure>
  </testcase> <!-- verifyExploreOnlineCourseTitle -->
</testsuite> <!-- Test CommunicationEnglishLevel1ExploreOnline -->
