<?xml version="1.0" encoding="UTF-8"?>
<!-- Generated by org.testng.reporters.JUnitXMLReporter -->
<testsuite ignored="0" hostname="clixserver" failures="0" tests="2" name="Test FooterAboutLinkValidation" time="9.072" errors="0" timestamp="2021-10-18T13:23:23 IST">
  <testcase classname="com.clix.clixoerwebsite.FooterAboutLinkValidation" name="verifyAboutLinkIsDisplayed" time="0.244"/>
  <testcase classname="com.clix.clixoerwebsite.FooterAboutLinkValidation" name="verifyAboutLinkValidation" time="3.069"/>
</testsuite> <!-- Test FooterAboutLinkValidation -->
