<?xml version="1.0" encoding="UTF-8"?>
<!-- Generated by org.testng.reporters.JUnitXMLReporter -->
<testsuite ignored="0" hostname="clix-Inspiron-7560" failures="2" tests="5" name="TestHomepageictinhindi" time="37.521" errors="0" timestamp="2022-01-13T11:32:17 IST">
  <testcase classname="com.clix.clixoerwebsite.Checki2cCheckboxContentinHindi" name="basePageNavigation" time="4.278"/>
  <testcase classname="com.clix.clixoerwebsite.Checki2cCheckboxContentinHindi" name="checki2cContentChecked" time="0.721">
    <failure type="org.openqa.selenium.ElementClickInterceptedException" message="Element &amp;lt;input id=&amp;quot;digital&amp;quot; class=&amp;quot;searchfilter&amp;quot; name=&amp;quot;english&amp;quot; type=&amp;quot;checkbox&amp;quot;&amp;gt; is not clickable at point (159,781) because another element &amp;lt;div class=&amp;quot;tooltip-inner&amp;quot;&amp;gt; obscures it
Build info: version: &amp;apos;3.141.59&amp;apos;, revision: &amp;apos;e82be7d358&amp;apos;, time: &amp;apos;2018-11-14T08:17:03&amp;apos;
System info: host: &amp;apos;clix-Inspiron-7560&amp;apos;, ip: &amp;apos;127.0.1.1&amp;apos;, os.name: &amp;apos;Linux&amp;apos;, os.arch: &amp;apos;amd64&amp;apos;, os.version: &amp;apos;5.11.0-44-generic&amp;apos;, java.version: &amp;apos;17.0.1&amp;apos;
Driver info: org.openqa.selenium.firefox.FirefoxDriver
Capabilities {acceptInsecureCerts: true, browserName: firefox, browserVersion: 95.0.1, javascriptEnabled: true, moz:accessibilityChecks: false, moz:buildID: 20211215221728, moz:geckodriverVersion: 0.30.0, moz:headless: false, moz:processID: 14977, moz:profile: /tmp/rust_mozprofilecbS7v7, moz:shutdownTimeout: 60000, moz:useNonSpecCompliantPointerOrigin: false, moz:webdriverClick: true, pageLoadStrategy: normal, platform: LINUX, platformName: LINUX, platformVersion: 5.11.0-44-generic, proxy: Proxy(), setWindowRect: true, strictFileInteractability: false, timeouts: {implicit: 0, pageLoad: 300000, script: 30000}, unhandledPromptBehavior: dismiss and notify}
Session ID: cdff189b-7768-42d4-8de8-f10ab40ac9d0">
      <![CDATA[org.openqa.selenium.ElementClickInterceptedException: Element <input id="digital" class="searchfilter" name="english" type="checkbox"> is not clickable at point (159,781) because another element <div class="tooltip-inner"> obscures it
Build info: version: '3.141.59', revision: 'e82be7d358', time: '2018-11-14T08:17:03'
System info: host: 'clix-Inspiron-7560', ip: '127.0.1.1', os.name: 'Linux', os.arch: 'amd64', os.version: '5.11.0-44-generic', java.version: '17.0.1'
Driver info: org.openqa.selenium.firefox.FirefoxDriver
Capabilities {acceptInsecureCerts: true, browserName: firefox, browserVersion: 95.0.1, javascriptEnabled: true, moz:accessibilityChecks: false, moz:buildID: 20211215221728, moz:geckodriverVersion: 0.30.0, moz:headless: false, moz:processID: 14977, moz:profile: /tmp/rust_mozprofilecbS7v7, moz:shutdownTimeout: 60000, moz:useNonSpecCompliantPointerOrigin: false, moz:webdriverClick: true, pageLoadStrategy: normal, platform: LINUX, platformName: LINUX, platformVersion: 5.11.0-44-generic, proxy: Proxy(), setWindowRect: true, strictFileInteractability: false, timeouts: {implicit: 0, pageLoad: 300000, script: 30000}, unhandledPromptBehavior: dismiss and notify}
Session ID: cdff189b-7768-42d4-8de8-f10ab40ac9d0
at org.openqa.selenium.remote.http.W3CHttpResponseCodec.createException(W3CHttpResponseCodec.java:187)
at org.openqa.selenium.remote.http.W3CHttpResponseCodec.decode(W3CHttpResponseCodec.java:122)
at org.openqa.selenium.remote.http.W3CHttpResponseCodec.decode(W3CHttpResponseCodec.java:49)
at org.openqa.selenium.remote.HttpCommandExecutor.execute(HttpCommandExecutor.java:158)
at org.openqa.selenium.remote.service.DriverCommandExecutor.execute(DriverCommandExecutor.java:83)
at org.openqa.selenium.remote.RemoteWebDriver.execute(RemoteWebDriver.java:552)
at org.openqa.selenium.remote.RemoteWebElement.execute(RemoteWebElement.java:285)
at org.openqa.selenium.remote.RemoteWebElement.click(RemoteWebElement.java:84)
at com.clix.clixoerwebsite.Checki2cCheckboxContentinHindi.checki2cContentChecked(Checki2cCheckboxContentinHindi.java:81)
at java.base/java.util.ArrayList.forEach(ArrayList.java:1511)
... Removed 32 stack frames]]>
    </failure>
  </testcase> <!-- checki2cContentChecked -->
  <testcase classname="com.clix.clixoerwebsite.Checki2cCheckboxContentinHindi" name="countLinks" time="0.042"/>
  <testcase classname="com.clix.clixoerwebsite.Checki2cCheckboxContentinHindi" name="counti2cModules" time="1.025">
    <failure type="java.lang.AssertionError" message="expected [1] but found [13]">
      <![CDATA[java.lang.AssertionError: expected [1] but found [13]
at com.clix.clixoerwebsite.Checki2cCheckboxContentinHindi.counti2cModules(Checki2cCheckboxContentinHindi.java:112)
at java.base/java.util.ArrayList.forEach(ArrayList.java:1511)
... Removed 33 stack frames]]>
    </failure>
  </testcase> <!-- counti2cModules -->
  <testcase classname="com.clix.clixoerwebsite.Checki2cCheckboxContentinHindi" name="verifyi2cmodulesinHindicheckbox" time="2.093"/>
</testsuite> <!-- TestHomepageictinhindi -->
