<?xml version="1.0" encoding="UTF-8"?>
<!-- Generated by org.testng.reporters.JUnitXMLReporter -->
<testsuite ignored="0" hostname="clix-Inspiron-7560" failures="0" tests="2" name="Test FooterContactUsLinkValidation" time="57.069" errors="0" timestamp="2022-03-03T19:21:48 IST">
  <testcase classname="com.clix.clixoerwebsite.FooterContactUsLinkValidation" name="verifyContactUsLinkIsDisplayed" time="0.123"/>
  <testcase classname="com.clix.clixoerwebsite.FooterContactUsLinkValidation" name="verifyContactUsLinkValidation" time="20.874"/>
</testsuite> <!-- Test FooterContactUsLinkValidation -->
