<?xml version="1.0" encoding="UTF-8"?>
<!-- Generated by org.testng.reporters.JUnitXMLReporter -->
<testsuite ignored="0" hostname="clixserver" failures="2" tests="2" name="Test Contactus" time="8.225" errors="0" timestamp="2021-10-14T16:09:41 IST">
  <testcase classname="com.clix.clixoerwebsite.ValidateContactus" name="basePageNavigation" time="4.158">
    <failure type="java.lang.AssertionError" message="expected [×Your feedback sent successfully!] but found [Hope you enjoyed and found our modules useful. For any further queries or feedback, please write to:Message *Address Centre for Education, Innovation and Action Research Tata Institute of Social Sciences V.N.Purav Marg, Deonar, MumbaiPhone +91 22- 25525002/3/4General Support contact@clix.tiss.edu]">
      <![CDATA[java.lang.AssertionError: expected [×Your feedback sent successfully!] but found [Hope you enjoyed and found our modules useful. For any further queries or feedback, please write to:Message *Address Centre for Education, Innovation and Action Research Tata Institute of Social Sciences V.N.Purav Marg, Deonar, MumbaiPhone +91 22- 25525002/3/4General Support contact@clix.tiss.edu]
at com.clix.clixoerwebsite.ValidateContactus.basePageNavigation(ValidateContactus.java:53)
at java.base/java.util.ArrayList.forEach(ArrayList.java:1541)
... Removed 33 stack frames]]>
    </failure>
  </testcase> <!-- basePageNavigation -->
  <testcase classname="com.clix.clixoerwebsite.ValidateContactus" name="basePageNavigation" time="2.778">
    <failure type="java.lang.AssertionError" message="expected [×Your feedback sent successfully!] but found [Hope you enjoyed and found our modules useful. For any further queries or feedback, please write to:Message *Address Centre for Education, Innovation and Action Research Tata Institute of Social Sciences V.N.Purav Marg, Deonar, MumbaiPhone +91 22- 25525002/3/4General Support contact@clix.tiss.edu]">
      <![CDATA[java.lang.AssertionError: expected [×Your feedback sent successfully!] but found [Hope you enjoyed and found our modules useful. For any further queries or feedback, please write to:Message *Address Centre for Education, Innovation and Action Research Tata Institute of Social Sciences V.N.Purav Marg, Deonar, MumbaiPhone +91 22- 25525002/3/4General Support contact@clix.tiss.edu]
at com.clix.clixoerwebsite.ValidateContactus.basePageNavigation(ValidateContactus.java:53)
at java.base/java.util.ArrayList.forEach(ArrayList.java:1541)
... Removed 33 stack frames]]>
    </failure>
  </testcase> <!-- basePageNavigation -->
</testsuite> <!-- Test Contactus -->
