<?xml version="1.0" encoding="UTF-8"?>
<!-- Generated by org.testng.reporters.JUnitXMLReporter -->
<testsuite ignored="0" hostname="clix-Inspiron-7560" failures="0" tests="4" name="Test CoolOerMultipleSubjectFilter" time="32.25" errors="0" timestamp="2022-03-03T19:13:29 IST">
  <testcase classname="com.clix.clixoerwebsite.CoolOerMultipleSubjectFilter" name="verifyMultipleSubjectOptionIsChecked" time="8.405"/>
  <testcase classname="com.clix.clixoerwebsite.CoolOerMultipleSubjectFilter" name="verifyNumberOfResourcesForMultipleSubjectsFilter" time="0.039"/>
  <testcase classname="com.clix.clixoerwebsite.CoolOerMultipleSubjectFilter" name="verifyTheNumberOfLinksForMultipleSubjectFilter" time="2.091"/>
  <testcase classname="com.clix.clixoerwebsite.CoolOerMultipleSubjectFilter" name="verifyTheResourceTitleForMultipleSubjectFilter" time="0.09"/>
</testsuite> <!-- Test CoolOerMultipleSubjectFilter -->
