<?xml version="1.0" encoding="UTF-8"?>
<!-- Generated by org.testng.reporters.JUnitXMLReporter -->
<testsuite ignored="0" hostname="clix-Inspiron-7560" failures="0" tests="2" name="Test Handbooks" time="35.729" errors="0" timestamp="2021-11-17T16:38:53 IST">
  <testcase classname="com.clix.clixoerwebsite.HandbooksValidation" name="checkModuleExist" time="2.098"/>
  <testcase classname="com.clix.clixoerwebsite.HandbooksValidation" name="checkPaginationInteractives" time="22.104"/>
</testsuite> <!-- Test Handbooks -->
