<?xml version="1.0" encoding="UTF-8"?>
<!-- Generated by org.testng.reporters.JUnitXMLReporter -->
<testsuite ignored="0" hostname="clixserver" failures="0" tests="2" name="Test FooterTermsOfServiceLinkValidation" time="7.089" errors="0" timestamp="2021-10-18T13:23:36 IST">
  <testcase classname="com.clix.clixoerwebsite.FooterTermsOfServiceLinkValidation" name="verifyTermsOfServiceLinkIsDisplayed" time="0.222"/>
  <testcase classname="com.clix.clixoerwebsite.FooterTermsOfServiceLinkValidation" name="verifyTermsOfServiceLinkValidation" time="1.712"/>
</testsuite> <!-- Test FooterTermsOfServiceLinkValidation -->
