<?xml version="1.0" encoding="UTF-8"?>
<!-- Generated by org.testng.reporters.JUnitXMLReporter -->
<testsuite ignored="0" hostname="clix-Inspiron-7560" failures="0" tests="2" name="Test FooterCreditLinkValidation" time="9.637" errors="0" timestamp="2021-11-17T16:45:00 IST">
  <testcase classname="com.clix.clixoerwebsite.FooterCreditLinkValidation" name="verifyCreditLinkIsDisplayed" time="0.382"/>
  <testcase classname="com.clix.clixoerwebsite.FooterCreditLinkValidation" name="verifyCreditLinkValidation" time="2.067"/>
</testsuite> <!-- Test FooterCreditLinkValidation -->
