<?xml version="1.0" encoding="UTF-8"?>
<!-- Generated by org.testng.reporters.JUnitXMLReporter -->
<testsuite ignored="0" hostname="clixserver" failures="0" tests="2" name="Test FooterPrivacyPolicyLinkValidation" time="7.523" errors="0" timestamp="2021-10-18T13:23:43 IST">
  <testcase classname="com.clix.clixoerwebsite.FooterPrivacyPolicyLinkValidation" name="verifyPrivacyPolicyLinkIsDisplayed" time="0.162"/>
  <testcase classname="com.clix.clixoerwebsite.FooterPrivacyPolicyLinkValidation" name="verifyPrivacyPolicyLinkValidation" time="1.95"/>
</testsuite> <!-- Test FooterPrivacyPolicyLinkValidation -->
