<?xml version="1.0" encoding="UTF-8"?>
<!-- Generated by org.testng.reporters.JUnitXMLReporter -->
<testsuite hostname="LAPTOP-7SNE49UA" ignored="0" name="TestHomepagemaths" tests="5" failures="0" timestamp="20 Oct 2020 05:22:47 GMT" time="0.022" errors="0">
  <testcase name="@BeforeTest bringup" time="0.0" classname="com.clix.clixoerwebsite.CheckMathsCheckboxContent">
    <failure type="java.lang.NullPointerException">
      <![CDATA[java.lang.NullPointerException
at resources.base.initializeDriver(base.java:33)
at com.clix.clixoerwebsite.CheckMathsCheckboxContent.bringup(CheckMathsCheckboxContent.java:32)
... Removed 24 stack frames]]>
    </failure>
  </testcase> <!-- @BeforeTest bringup -->
  <testcase name="@AfterTest teardown" time="0.0" classname="com.clix.clixoerwebsite.CheckMathsCheckboxContent">
    <skipped/>
  </testcase> <!-- @AfterTest teardown -->
  <testcase name="basePageNavigation" time="0.0" classname="com.clix.clixoerwebsite.CheckMathsCheckboxContent">
    <skipped/>
  </testcase> <!-- basePageNavigation -->
  <testcase name="checkMathsContentChecked" time="0.0" classname="com.clix.clixoerwebsite.CheckMathsCheckboxContent">
    <skipped/>
  </testcase> <!-- checkMathsContentChecked -->
  <testcase name="countLinks" time="0.0" classname="com.clix.clixoerwebsite.CheckMathsCheckboxContent">
    <skipped/>
  </testcase> <!-- countLinks -->
  <testcase name="countMathsModules" time="0.0" classname="com.clix.clixoerwebsite.CheckMathsCheckboxContent">
    <skipped/>
  </testcase> <!-- countMathsModules -->
  <testcase name="verifyMathsmodulesinEnglishcheckbox" time="0.0" classname="com.clix.clixoerwebsite.CheckMathsCheckboxContent">
    <skipped/>
  </testcase> <!-- verifyMathsmodulesinEnglishcheckbox -->
</testsuite> <!-- TestHomepagemaths -->
