<?xml version="1.0" encoding="UTF-8"?>
<!-- Generated by org.testng.reporters.JUnitXMLReporter -->
<testsuite hostname="LAPTOP-7SNE49UA" ignored="0" name="Test CheckInteractives" tests="2" failures="0" timestamp="03 May 2021 07:05:01 GMT" time="28.931" errors="0">
  <testcase name="checkModuleExist" time="1.412" classname="com.clix.clixoerwebsite.CheckInteractives"/>
  <testcase name="checkPaginationInteractives" time="21.088" classname="com.clix.clixoerwebsite.CheckInteractives"/>
</testsuite> <!-- Test CheckInteractives -->
