<?xml version="1.0" encoding="UTF-8"?>
<!-- Generated by org.testng.reporters.JUnitXMLReporter -->
<testsuite ignored="0" hostname="clixserver" failures="0" tests="4" name="Test CoolOerTamilResourceFilter" time="20.934" errors="0" timestamp="2021-09-29T13:53:17 IST">
  <testcase classname="com.clix.clixoerwebsite.CoolOerTamilResourceFilter" name="verifyTamilLanguageSupportOptionIsChecked" time="0.345"/>
  <testcase classname="com.clix.clixoerwebsite.CoolOerTamilResourceFilter" name="verifyTheNumberOfLinksOnPageForTamilFilter" time="2.041"/>
  <testcase classname="com.clix.clixoerwebsite.CoolOerTamilResourceFilter" name="verifyTheNumberOfResourcesForTamilFilter" time="12.077"/>
  <testcase classname="com.clix.clixoerwebsite.CoolOerTamilResourceFilter" name="verifyTheResourcesTitleForTamilFilter" time="0.096"/>
</testsuite> <!-- Test CoolOerTamilResourceFilter -->
