<?xml version="1.0" encoding="UTF-8"?>
<!-- Generated by org.testng.reporters.JUnitXMLReporter -->
<testsuite ignored="0" hostname="clix-Inspiron-7560" failures="0" tests="5" name="TestHomepagescienceintelegu" time="25.204" errors="0" timestamp="2022-03-03T19:03:10 IST">
  <testcase classname="com.clix.clixoerwebsite.CheckScienceCheckboxContentinTelegu" name="basePageNavigation" time="4.664"/>
  <testcase classname="com.clix.clixoerwebsite.CheckScienceCheckboxContentinTelegu" name="checkScienceContentChecked" time="1.485"/>
  <testcase classname="com.clix.clixoerwebsite.CheckScienceCheckboxContentinTelegu" name="countLinks" time="0.028"/>
  <testcase classname="com.clix.clixoerwebsite.CheckScienceCheckboxContentinTelegu" name="countScienceModules" time="0.008"/>
  <testcase classname="com.clix.clixoerwebsite.CheckScienceCheckboxContentinTelegu" name="verifySciencemodulesinTelegucheckbox" time="1.75"/>
</testsuite> <!-- TestHomepagescienceintelegu -->
