<?xml version="1.0" encoding="UTF-8"?>
<!-- Generated by org.testng.reporters.JUnitXMLReporter -->
<testsuite hostname="LAPTOP-7SNE49UA" ignored="0" name="Test Contaactus" tests="2" failures="1" timestamp="08 Jul 2020 06:36:10 GMT" time="17.899" errors="0">
  <testcase name="basePageNavigation" time="11.734" classname="com.clix.clixoerwebsite.ValidateContactus"/>
  <testcase name="basePageNavigation" time="2.769" classname="com.clix.clixoerwebsite.ValidateContactus">
    <failure type="java.lang.AssertionError" message="expected [×Your feedback sent successfully!] but found [Hope you enjoyed and found our modules useful. For any further queries or feedback, please write to:Message *Address Centre for Education, Innovation and Action Research Tata Institute of Social Sciences V.N.Purav Marg, Deonar, MumbaiPhone +91 22- 25525002/3/4General Support contact@clix.tiss.edu]">
      <![CDATA[java.lang.AssertionError: expected [×Your feedback sent successfully!] but found [Hope you enjoyed and found our modules useful. For any further queries or feedback, please write to:Message *Address Centre for Education, Innovation and Action Research Tata Institute of Social Sciences V.N.Purav Marg, Deonar, MumbaiPhone +91 22- 25525002/3/4General Support contact@clix.tiss.edu]
at com.clix.clixoerwebsite.ValidateContactus.basePageNavigation(ValidateContactus.java:54)
... Removed 31 stack frames]]>
    </failure>
  </testcase> <!-- basePageNavigation -->
</testsuite> <!-- Test Contaactus -->
