<?xml version="1.0" encoding="UTF-8"?>
<!-- Generated by org.testng.reporters.JUnitXMLReporter -->
<testsuite ignored="0" hostname="clix-Inspiron-7560" failures="1" tests="2" name="Test FooterContactUsLinkValidation" time="18.002" errors="0" timestamp="2021-11-17T16:45:42 IST">
  <testcase classname="com.clix.clixoerwebsite.FooterContactUsLinkValidation" name="verifyContactUsLinkIsDisplayed" time="0.35"/>
  <testcase classname="com.clix.clixoerwebsite.FooterContactUsLinkValidation" name="verifyContactUsLinkValidation" time="12.018">
    <failure type="org.openqa.selenium.TimeoutException" message="Expected condition failed: waiting for presence of element located by: By.cssSelector: div.py-5 &amp;gt; div &amp;gt; section &amp;gt; div:nth-Child(1) &amp;gt; div &amp;gt; div &amp;gt; div:nth-Child(2) &amp;gt; div &amp;gt; h5 (tried for 10 second(s) with 500 milliseconds interval)">
      <![CDATA[org.openqa.selenium.TimeoutException: Expected condition failed: waiting for presence of element located by: By.cssSelector: div.py-5 > div > section > div:nth-Child(1) > div > div > div:nth-Child(2) > div > h5 (tried for 10 second(s) with 500 milliseconds interval)
at org.openqa.selenium.support.ui.WebDriverWait.timeoutException(WebDriverWait.java:95)
at org.openqa.selenium.support.ui.FluentWait.until(FluentWait.java:272)
at pageObjects.FooterPage.getContactUsPageHeading(FooterPage.java:82)
at com.clix.clixoerwebsite.FooterContactUsLinkValidation.verifyContactUsLinkValidation(FooterContactUsLinkValidation.java:80)
at java.base/java.util.ArrayList.forEach(ArrayList.java:1511)
Caused by: org.openqa.selenium.NoSuchElementException: no such element: Unable to locate element: {"method":"css selector","selector":"div.py-5 > div > section > div:nth-Child(1) > div > div > div:nth-Child(2) > div > h5"}
  (Session info: chrome=95.0.4638.69)
For documentation on this error, please visit: https://www.seleniumhq.org/exceptions/no_such_element.html
Build info: version: '3.141.59', revision: 'e82be7d358', time: '2018-11-14T08:17:03'
System info: host: 'clix-Inspiron-7560', ip: '127.0.1.1', os.name: 'Linux', os.arch: 'amd64', os.version: '5.11.0-40-generic', java.version: '17'
Driver info: org.openqa.selenium.chrome.ChromeDriver
Capabilities {acceptInsecureCerts: false, browserName: chrome, browserVersion: 95.0.4638.69, chrome: {chromedriverVersion: 95.0.4638.54 (d31a821ec901f..., userDataDir: /tmp/.com.google.Chrome.XRDLce}, goog:chromeOptions: {debuggerAddress: localhost:34935}, javascriptEnabled: true, networkConnectionEnabled: false, pageLoadStrategy: normal, platform: LINUX, platformName: LINUX, proxy: Proxy(), setWindowRect: true, strictFileInteractability: false, timeouts: {implicit: 0, pageLoad: 300000, script: 30000}, unhandledPromptBehavior: dismiss and notify, webauthn:extension:credBlob: true, webauthn:extension:largeBlob: true, webauthn:virtualAuthenticators: true}
Session ID: 47e84bdf9a5a017e860bd95b15482d91
*** Element info: {Using=css selector, value=div.py-5 > div > section > div:nth-Child(1) > div > div > div:nth-Child(2) > div > h5}
at org.openqa.selenium.remote.http.W3CHttpResponseCodec.createException(W3CHttpResponseCodec.java:187)
at org.openqa.selenium.remote.http.W3CHttpResponseCodec.decode(W3CHttpResponseCodec.java:122)
at org.openqa.selenium.remote.http.W3CHttpResponseCodec.decode(W3CHttpResponseCodec.java:49)
at org.openqa.selenium.remote.HttpCommandExecutor.execute(HttpCommandExecutor.java:158)
at org.openqa.selenium.remote.service.DriverCommandExecutor.execute(DriverCommandExecutor.java:83)
at org.openqa.selenium.remote.RemoteWebDriver.execute(RemoteWebDriver.java:552)
at org.openqa.selenium.remote.RemoteWebDriver.findElement(RemoteWebDriver.java:323)
at org.openqa.selenium.remote.RemoteWebDriver.findElementByCssSelector(RemoteWebDriver.java:420)
at org.openqa.selenium.By$ByCssSelector.findElement(By.java:431)
at org.openqa.selenium.remote.RemoteWebDriver.findElement(RemoteWebDriver.java:315)
at org.openqa.selenium.support.ui.ExpectedConditions$6.apply(ExpectedConditions.java:182)
at org.openqa.selenium.support.ui.ExpectedConditions$6.apply(ExpectedConditions.java:179)
at org.openqa.selenium.support.ui.FluentWait.until(FluentWait.java:249)
... 30 more
... Removed 32 stack frames]]>
    </failure>
  </testcase> <!-- verifyContactUsLinkValidation -->
</testsuite> <!-- Test FooterContactUsLinkValidation -->
