<?xml version="1.0" encoding="UTF-8"?>
<!-- Generated by org.testng.reporters.JUnitXMLReporter -->
<testsuite ignored="0" hostname="clixserver" failures="0" tests="4" name="TestHomepageictintelegu" time="9.578" errors="0" timestamp="2021-10-18T13:18:44 IST">
  <testcase classname="com.clix.clixoerwebsite.Checki2cCheckboxContentinTelegu" name="basePageNavigation" time="1.39"/>
  <testcase classname="com.clix.clixoerwebsite.Checki2cCheckboxContentinTelegu" name="checki2cContentChecked" time="0.453"/>
  <testcase classname="com.clix.clixoerwebsite.Checki2cCheckboxContentinTelegu" name="counti2cModules" time="1.028"/>
  <testcase classname="com.clix.clixoerwebsite.Checki2cCheckboxContentinTelegu" name="verifyi2cmodulesinTelegucheckbox" time="1.83"/>
</testsuite> <!-- TestHomepageictintelegu -->
