<?xml version="1.0" encoding="UTF-8"?>
<!-- Generated by org.testng.reporters.JUnitXMLReporter -->
<testsuite ignored="0" hostname="clix-Inspiron-7560" failures="0" tests="2" name="Test Handbooks" time="50.872" errors="0" timestamp="2022-01-13T11:36:06 IST">
  <testcase classname="com.clix.clixoerwebsite.HandbooksValidation" name="checkModuleExist" time="4.804"/>
  <testcase classname="com.clix.clixoerwebsite.HandbooksValidation" name="checkPaginationInteractives" time="24.232"/>
</testsuite> <!-- Test Handbooks -->
