<?xml version="1.0" encoding="UTF-8"?>
<!-- Generated by org.testng.reporters.JUnitXMLReporter -->
<testsuite ignored="0" hostname="clixserver" failures="0" tests="5" name="TestHomepagemathsinhindi" time="14.702" errors="0" timestamp="2021-09-29T13:46:09 IST">
  <testcase classname="com.clix.clixoerwebsite.CheckMathsCheckboxContentinHindi" name="basePageNavigation" time="1.712"/>
  <testcase classname="com.clix.clixoerwebsite.CheckMathsCheckboxContentinHindi" name="checkMathsContentChecked" time="1.275"/>
  <testcase classname="com.clix.clixoerwebsite.CheckMathsCheckboxContentinHindi" name="countLinks" time="0.064"/>
  <testcase classname="com.clix.clixoerwebsite.CheckMathsCheckboxContentinHindi" name="countMathsModules" time="0.135"/>
  <testcase classname="com.clix.clixoerwebsite.CheckMathsCheckboxContentinHindi" name="verifyMathsmodulesinHindicheckbox" time="2.841"/>
</testsuite> <!-- TestHomepagemathsinhindi -->
