<?xml version="1.0" encoding="UTF-8"?>
<!-- Generated by org.testng.reporters.JUnitXMLReporter -->
<testsuite ignored="0" hostname="clix-Inspiron-7560" failures="0" tests="2" name="Test Interactives" time="55.729" errors="0" timestamp="2022-01-13T11:35:15 IST">
  <testcase classname="com.clix.clixoerwebsite.CheckInteractives" name="checkModuleExist" time="4.966"/>
  <testcase classname="com.clix.clixoerwebsite.CheckInteractives" name="checkPaginationInteractives" time="24.154"/>
</testsuite> <!-- Test Interactives -->
