<?xml version="1.0" encoding="UTF-8"?>
<!-- Generated by org.testng.reporters.JUnitXMLReporter -->
<testsuite ignored="0" hostname="clixserver" failures="0" tests="4" name="Test CoolOerTeluguResourceFilter" time="20.696" errors="0" timestamp="2021-09-29T13:52:56 IST">
  <testcase classname="com.clix.clixoerwebsite.CoolOerTeluguResourceFilter" name="verifyTeluguLanguageSupportOptionIsChecked" time="0.333"/>
  <testcase classname="com.clix.clixoerwebsite.CoolOerTeluguResourceFilter" name="verifyTheNumberOfLinksOnPageForTeluguFilter" time="2.031"/>
  <testcase classname="com.clix.clixoerwebsite.CoolOerTeluguResourceFilter" name="verifyTheNumberOfResourcesForTeluguFilter" time="12.045"/>
  <testcase classname="com.clix.clixoerwebsite.CoolOerTeluguResourceFilter" name="verifyTheResourcesTitleForTeluguFilter" time="0.092"/>
</testsuite> <!-- Test CoolOerTeluguResourceFilter -->
