<?xml version="1.0" encoding="UTF-8"?>
<!-- Generated by org.testng.reporters.JUnitXMLReporter -->
<testsuite ignored="0" hostname="clixserver" failures="0" tests="5" name="TestHomepagescienceinhindi" time="10.117" errors="0" timestamp="2021-10-18T13:18:05 IST">
  <testcase classname="com.clix.clixoerwebsite.CheckScienceCheckboxContentinHindi" name="basePageNavigation" time="1.447"/>
  <testcase classname="com.clix.clixoerwebsite.CheckScienceCheckboxContentinHindi" name="checkScienceContentChecked" time="1.429"/>
  <testcase classname="com.clix.clixoerwebsite.CheckScienceCheckboxContentinHindi" name="countLinks" time="0.042"/>
  <testcase classname="com.clix.clixoerwebsite.CheckScienceCheckboxContentinHindi" name="countScienceModules" time="0.131"/>
  <testcase classname="com.clix.clixoerwebsite.CheckScienceCheckboxContentinHindi" name="verifySciencemodulesinHindicheckbox" time="2.446"/>
</testsuite> <!-- TestHomepagescienceinhindi -->
