<?xml version="1.0" encoding="UTF-8"?>
<!-- Generated by org.testng.reporters.JUnitXMLReporter -->
<testsuite hostname="LAPTOP-7SNE49UA" ignored="0" name="TestHomepageLinks" tests="1" failures="0" timestamp="20 Oct 2020 05:22:47 GMT" time="0.011" errors="0">
  <testcase name="@BeforeTest bringup" time="0.002" classname="com.clix.clixoerwebsite.HomePageLinks">
    <failure type="java.lang.NullPointerException">
      <![CDATA[java.lang.NullPointerException
at resources.base.initializeDriver(base.java:33)
at com.clix.clixoerwebsite.HomePageLinks.bringup(HomePageLinks.java:24)
... Removed 24 stack frames]]>
    </failure>
  </testcase> <!-- @BeforeTest bringup -->
  <testcase name="@AfterTest teardown" time="0.0" classname="com.clix.clixoerwebsite.HomePageLinks">
    <skipped/>
  </testcase> <!-- @AfterTest teardown -->
  <testcase name="countLinkss" time="0.0" classname="com.clix.clixoerwebsite.HomePageLinks">
    <skipped/>
  </testcase> <!-- countLinkss -->
</testsuite> <!-- TestHomepageLinks -->
