<?xml version="1.0" encoding="UTF-8"?>
<!-- Generated by org.testng.reporters.JUnitXMLReporter -->
<testsuite ignored="0" hostname="clix-Inspiron-7560" failures="2" tests="4" name="Test CoolOerScienceFilter" time="37.001" errors="0" timestamp="2022-03-03T19:14:59 IST">
  <testcase classname="com.clix.clixoerwebsite.CoolOerScienceFilter" name="verifyTheNumberOfLinksForScienceFilter" time="0.081">
    <failure type="java.lang.AssertionError" message="expected:&amp;lt;288&amp;gt; but was:&amp;lt;148&amp;gt;">
      <![CDATA[java.lang.AssertionError: expected:<288> but was:<148>
at org.junit.Assert.fail(Assert.java:89)
at org.junit.Assert.failNotEquals(Assert.java:835)
at org.junit.Assert.assertEquals(Assert.java:647)
at org.junit.Assert.assertEquals(Assert.java:633)
at com.clix.clixoerwebsite.CoolOerScienceFilter.verifyTheNumberOfLinksForScienceFilter(CoolOerScienceFilter.java:90)
at java.base/java.util.ArrayList.forEach(ArrayList.java:1511)
... Removed 27 stack frames]]>
    </failure>
  </testcase> <!-- verifyTheNumberOfLinksForScienceFilter -->
  <testcase classname="com.clix.clixoerwebsite.CoolOerScienceFilter" name="verifyTheNumberOfResourcesForScienceFilter" time="0.019">
    <failure type="java.lang.AssertionError" message="expected:&amp;lt;18&amp;gt; but was:&amp;lt;8&amp;gt;">
      <![CDATA[java.lang.AssertionError: expected:<18> but was:<8>
at org.junit.Assert.fail(Assert.java:89)
at org.junit.Assert.failNotEquals(Assert.java:835)
at org.junit.Assert.assertEquals(Assert.java:647)
at org.junit.Assert.assertEquals(Assert.java:633)
at com.clix.clixoerwebsite.CoolOerScienceFilter.verifyTheNumberOfResourcesForScienceFilter(CoolOerScienceFilter.java:78)
at java.base/java.util.ArrayList.forEach(ArrayList.java:1511)
... Removed 27 stack frames]]>
    </failure>
  </testcase> <!-- verifyTheNumberOfResourcesForScienceFilter -->
  <testcase classname="com.clix.clixoerwebsite.CoolOerScienceFilter" name="verifyTheResoucesTitleForScienceFilter" time="0.078"/>
  <testcase classname="com.clix.clixoerwebsite.CoolOerScienceFilter" name="verifyTheScienceFilterOptionIsChecked" time="8.33"/>
</testsuite> <!-- Test CoolOerScienceFilter -->
