<?xml version="1.0" encoding="UTF-8"?>
<!-- Generated by org.testng.reporters.JUnitXMLReporter -->
<testsuite ignored="0" hostname="clix-Inspiron-7560" failures="0" tests="2" name="Test FooterCreditLinkValidation" time="56.976" errors="0" timestamp="2022-03-03T19:18:01 IST">
  <testcase classname="com.clix.clixoerwebsite.FooterCreditLinkValidation" name="verifyCreditLinkIsDisplayed" time="0.132"/>
  <testcase classname="com.clix.clixoerwebsite.FooterCreditLinkValidation" name="verifyCreditLinkValidation" time="21.551"/>
</testsuite> <!-- Test FooterCreditLinkValidation -->
