<?xml version="1.0" encoding="UTF-8"?>
<!-- Generated by org.testng.reporters.JUnitXMLReporter -->
<testsuite ignored="0" hostname="clixserver" failures="0" tests="5" name="TestHomepagescienceintelegu" time="15.938" errors="0" timestamp="2021-09-29T13:47:12 IST">
  <testcase classname="com.clix.clixoerwebsite.CheckScienceCheckboxContentinTelegu" name="basePageNavigation" time="1.538"/>
  <testcase classname="com.clix.clixoerwebsite.CheckScienceCheckboxContentinTelegu" name="checkScienceContentChecked" time="1.474"/>
  <testcase classname="com.clix.clixoerwebsite.CheckScienceCheckboxContentinTelegu" name="countLinks" time="0.036"/>
  <testcase classname="com.clix.clixoerwebsite.CheckScienceCheckboxContentinTelegu" name="countScienceModules" time="0.128"/>
  <testcase classname="com.clix.clixoerwebsite.CheckScienceCheckboxContentinTelegu" name="verifySciencemodulesinTelegucheckbox" time="3.136"/>
</testsuite> <!-- TestHomepagescienceintelegu -->
