<?xml version="1.0" encoding="UTF-8"?>
<!-- Generated by org.testng.reporters.JUnitXMLReporter -->
<testsuite hostname="LAPTOP-7SNE49UA" ignored="0" name="TestHomepage" tests="5" failures="0" timestamp="20 Oct 2020 05:22:47 GMT" time="0.05" errors="0">
  <testcase name="@BeforeTest bringup" time="0.011" classname="com.clix.clixoerwebsite.HomePage">
    <failure type="java.lang.NullPointerException">
      <![CDATA[java.lang.NullPointerException
at resources.base.initializeDriver(base.java:33)
at com.clix.clixoerwebsite.HomePage.bringup(HomePage.java:32)
... Removed 24 stack frames]]>
    </failure>
  </testcase> <!-- @BeforeTest bringup -->
  <testcase name="@AfterTest teardown" time="0.0" classname="com.clix.clixoerwebsite.HomePage">
    <skipped/>
  </testcase> <!-- @AfterTest teardown -->
  <testcase name="basePageNavigation" time="0.0" classname="com.clix.clixoerwebsite.HomePage">
    <skipped/>
  </testcase> <!-- basePageNavigation -->
  <testcase name="checkEnglishContentChecked" time="0.0" classname="com.clix.clixoerwebsite.HomePage">
    <skipped/>
  </testcase> <!-- checkEnglishContentChecked -->
  <testcase name="countEnglishModules" time="0.0" classname="com.clix.clixoerwebsite.HomePage">
    <skipped/>
  </testcase> <!-- countEnglishModules -->
  <testcase name="countLinks" time="0.0" classname="com.clix.clixoerwebsite.HomePage">
    <skipped/>
  </testcase> <!-- countLinks -->
  <testcase name="verifyEnglishmodulesinEnglishcheckbox" time="0.0" classname="com.clix.clixoerwebsite.HomePage">
    <skipped/>
  </testcase> <!-- verifyEnglishmodulesinEnglishcheckbox -->
</testsuite> <!-- TestHomepage -->
