<?xml version="1.0" encoding="UTF-8"?>
<!-- Generated by org.testng.reporters.JUnitXMLReporter -->
<testsuite ignored="0" hostname="clix-Inspiron-7560" failures="0" tests="4" name="Test CoolOerLanguageFilter" time="36.961" errors="0" timestamp="2021-11-17T16:43:54 IST">
  <testcase classname="com.clix.clixoerwebsite.CoolOerLanguageFilter" name="verifyTheLanguageFilterOptionIsChecked" time="8.532"/>
  <testcase classname="com.clix.clixoerwebsite.CoolOerLanguageFilter" name="verifyTheNumberOfLanguageForArtFilter" time="0.03"/>
  <testcase classname="com.clix.clixoerwebsite.CoolOerLanguageFilter" name="verifyTheNumberOfResourcesForLanguageFilter" time="20.085"/>
  <testcase classname="com.clix.clixoerwebsite.CoolOerLanguageFilter" name="verifyTheResoucesTitleForArtFilter" time="0.073"/>
</testsuite> <!-- Test CoolOerLanguageFilter -->
