<?xml version="1.0" encoding="UTF-8"?>
<!-- Generated by org.testng.reporters.JUnitXMLReporter -->
<testsuite hostname="LAPTOP-7SNE49UA" ignored="0" name="Test HomePageModulesCheck" tests="2" failures="0" timestamp="19 Apr 2021 08:33:30 GMT" time="15.178" errors="0">
  <testcase name="checkModuleExist" time="1.516" classname="com.clix.clixoerwebsite.HomePageModulesCheck"/>
  <testcase name="checkPrevPaginationDisabled" time="0.217" classname="com.clix.clixoerwebsite.HomePageModulesCheck"/>
</testsuite> <!-- Test HomePageModulesCheck -->
