<?xml version="1.0" encoding="UTF-8"?>
<!-- Generated by org.testng.reporters.JUnitXMLReporter -->
<testsuite ignored="0" hostname="clix-Inspiron-7560" failures="0" tests="2" name="Test FooterPrivacyPolicyLinkValidation" time="7.334" errors="0" timestamp="2021-11-17T16:45:16 IST">
  <testcase classname="com.clix.clixoerwebsite.FooterPrivacyPolicyLinkValidation" name="verifyPrivacyPolicyLinkIsDisplayed" time="0.305"/>
  <testcase classname="com.clix.clixoerwebsite.FooterPrivacyPolicyLinkValidation" name="verifyPrivacyPolicyLinkValidation" time="1.746"/>
</testsuite> <!-- Test FooterPrivacyPolicyLinkValidation -->
