<?xml version="1.0" encoding="UTF-8"?>
<!-- Generated by org.testng.reporters.JUnitXMLReporter -->
<testsuite ignored="0" hostname="clixserver" failures="0" tests="5" name="TestHomepagescienceintelegu" time="11.282" errors="0" timestamp="2021-10-18T13:18:17 IST">
  <testcase classname="com.clix.clixoerwebsite.CheckScienceCheckboxContentinTelegu" name="basePageNavigation" time="1.475"/>
  <testcase classname="com.clix.clixoerwebsite.CheckScienceCheckboxContentinTelegu" name="checkScienceContentChecked" time="1.601"/>
  <testcase classname="com.clix.clixoerwebsite.CheckScienceCheckboxContentinTelegu" name="countLinks" time="0.042"/>
  <testcase classname="com.clix.clixoerwebsite.CheckScienceCheckboxContentinTelegu" name="countScienceModules" time="0.145"/>
  <testcase classname="com.clix.clixoerwebsite.CheckScienceCheckboxContentinTelegu" name="verifySciencemodulesinTelegucheckbox" time="2.714"/>
</testsuite> <!-- TestHomepagescienceintelegu -->
