<?xml version="1.0" encoding="UTF-8"?>
<!-- Generated by org.testng.reporters.JUnitXMLReporter -->
<testsuite ignored="0" hostname="clix-Inspiron-7560" failures="0" tests="4" name="Test DomainScience" time="28.703" errors="0" timestamp="2022-03-03T19:09:23 IST">
  <testcase classname="com.clix.clixoerwebsite.DomainScienceValidation" name="verifyDomainScienceOptionIsSelected" time="7.505"/>
  <testcase classname="com.clix.clixoerwebsite.DomainScienceValidation" name="verifyTheNumberOfLinksOnScienceDomainPage" time="0.048"/>
  <testcase classname="com.clix.clixoerwebsite.DomainScienceValidation" name="verifyTheNumberOfScienceModules" time="0.029"/>
  <testcase classname="com.clix.clixoerwebsite.DomainScienceValidation" name="verifyTheScienceModuleTitles" time="0.144"/>
</testsuite> <!-- Test DomainScience -->
