<?xml version="1.0" encoding="UTF-8"?>
<!-- Generated by org.testng.reporters.JUnitXMLReporter -->
<testsuite ignored="0" hostname="clix-Inspiron-7560" failures="0" tests="2" name="Test FooterAboutLinkValidation" time="24.456" errors="0" timestamp="2022-03-03T19:17:04 IST">
  <testcase classname="com.clix.clixoerwebsite.FooterAboutLinkValidation" name="verifyAboutLinkIsDisplayed" time="0.224"/>
  <testcase classname="com.clix.clixoerwebsite.FooterAboutLinkValidation" name="verifyAboutLinkValidation" time="5.182"/>
</testsuite> <!-- Test FooterAboutLinkValidation -->
