<?xml version="1.0" encoding="UTF-8"?>
<!-- Generated by org.testng.reporters.JUnitXMLReporter -->
<testsuite ignored="0" hostname="clix-Inspiron-7560" failures="0" tests="4" name="Test CoolOerMathematicsFilter" time="48.57" errors="0" timestamp="2022-03-03T19:16:39 IST">
  <testcase classname="com.clix.clixoerwebsite.CoolOerMathematicsFilter" name="verifyTheMathematicsFilterOptionIsChecked" time="8.422"/>
  <testcase classname="com.clix.clixoerwebsite.CoolOerMathematicsFilter" name="verifyTheNumberOfLinksForMathematicsFilter" time="0.045"/>
  <testcase classname="com.clix.clixoerwebsite.CoolOerMathematicsFilter" name="verifyTheNumberOfResourcesForMathematicsFilter" time="20.028"/>
  <testcase classname="com.clix.clixoerwebsite.CoolOerMathematicsFilter" name="verifyTheResoucesTitleForMathematicsFilter" time="0.131"/>
</testsuite> <!-- Test CoolOerMathematicsFilter -->
